   0  $accept : S $end

   1  S : Start

   2  Start : Procedure Start
   3        |

   4  Procedure : PROCEDURE ProcedureSignature ProcedureBlock

   5  ProcedureBlock : START_BLOCK_OF_CODE Block Return END_BLOCK_OF_CODE

   6  Block : Define Block
   7        | Assignment Block
   8        | Procedure Block
   9        | Loop Block
  10        | If Block
  11        | START_BLOCK_OF_CODE Block END_BLOCK_OF_CODE Block
  12        |

  13  ProcedureSignature : ID BEGIN_PARAMETER_LIST Parameters END_PARAMETER_LIST ProcedureReturn

  14  Parameters : IDENTIFIER SomeParameters
  15             | IDENTIFIER SomeParameters SEMICOLON Parameters
  16             |

  17  SomeParameters : SEPERATOR IDENTIFIER SomeParameters
  18                 | COLON Types

  19  Types : BOOLEAN
  20        | CHAR
  21        | INTEGER
  22        | STRING
  23        | PtrTypes
  24        | ArrayType

  25  PtrTypes : INTPTR
  26           | CHARPTR

  27  ArrayType : STRING BEGIN_STRING_INDEX INTEGER_CONST END_STRING_INDEX

  28  CONST_INT : INTEGER_CONST
  29            | BINARY
  30            | OCTAL
  31            | HEXADECIMAL

  32  E : E PLUS T
  33    | E MINUS T
  34    | T

  35  T : T MUL F
  36    | T DIVISION F
  37    | F

  38  F : BEGIN_PARAMETER_LIST E END_PARAMETER_LIST
  39    | ID
  40    | CONST_INT
  41    | Absolute
  42    | StringLenth

  43  AddressID : AMPERSAND ID

  44  ValueAddressID : VALUE_ADDRESS E

  45  Assignment : ID ASSIGN E SEMICOLON
  46             | ID ASSIGN AddressID SEMICOLON
  47             | ID ASSIGN ID BEGIN_PARAMETER_LIST EmptyOrPara END_PARAMETER_LIST SEMICOLON
  48             | ID ASSIGN Consts SEMICOLON
  49             | ID Array ASSIGN IndexedAssign SEMICOLON
  50             | ID ASSIGN AddressID Array SEMICOLON
  51             | ID ASSIGN ValueAddressID SEMICOLON
  52             | ValueAddressID ASSIGN E SEMICOLON
  53             | ValueAddressID ASSIGN CHAR_CONST SEMICOLON
  54             | ID ASSIGN NIL SEMICOLON
  55             | ID ASSIGN LogicOp SEMICOLON

  56  IndexedAssign : ID
  57                | CHAR_CONST

  58  Define : VAR IDents COLON Types SEMICOLON

  59  IDents : IDENTIFIER SEPERATOR IDents
  60         | IDENTIFIER

  61  IDentsWithEmpty : E SEPERATOR IDentsWithEmpty
  62                  | Consts SEPERATOR IDentsWithEmpty
  63                  | CONST_BOOLEAN SEPERATOR IDentsWithEmpty
  64                  | E
  65                  | Consts
  66                  | CONST_BOOLEAN

  67  EmptyOrPara : IDentsWithEmpty
  68              |

  69  ID : IDENTIFIER

  70  Absolute : VBAR E VBAR

  71  StringLenth : VBAR STRING_CONST VBAR

  72  Consts : CHAR_CONST
  73         | STRING_CONST

  74  CompOp : EQ
  75         | GT
  76         | GE
  77         | LT
  78         | LE
  79         | NE
  80         | NOT

  81  LogicOp : condWithAnd OR LogicOp
  82          | condWithAnd

  83  condWithAnd : condWithBrackets AND condWithAnd
  84              | condWithBrackets

  85  condWithBrackets : BEGIN_PARAMETER_LIST LogicOp END_PARAMETER_LIST
  86                   | CONST_BOOLEAN
  87                   | Condition

  88  Condition : E CompOp E
  89            | ValueAddressID CompOp ValueAddressID
  90            | E CompOp ValueAddressID
  91            | ValueAddressID CompOp E
  92            | ValueAddressID CompOp ID Array
  93            | AddressID CompOp AddressID
  94            | AddressID CompOp ID
  95            | ID Array CompOp ValueAddressID
  96            | ValueAddressID CompOp CHAR_CONST
  97            | CHAR_CONST CompOp ValueAddressID
  98            | ID Array CompOp ID Array
  99            | ID Array CompOp E
 100            | E CompOp ID Array
 101            | ID Array CompOp CHAR_CONST
 102            | CHAR_CONST CompOp ID Array
 103            | E CompOp Consts
 104            | CONST_BOOLEAN CompOp CONST_BOOLEAN
 105            | CONST_BOOLEAN CompOp E
 106            | E CompOp CONST_BOOLEAN
 107            | NOT ID
 108            | NOT CONST_BOOLEAN

 109  Return : RETURN E SEMICOLON
 110         | RETURN Consts SEMICOLON
 111         | RETURN CONST_BOOLEAN SEMICOLON
 112         | RETURN AddressID SEMICOLON
 113         | RETURN VALUE_ADDRESS E SEMICOLON
 114         | RETURN IDENTIFIER BEGIN_PARAMETER_LIST EmptyOrPara END_PARAMETER_LIST SEMICOLON
 115         | RETURN NIL SEMICOLON

 116  ProcedureReturn : RETURN Types

 117  Loop : WHILE BEGIN_PARAMETER_LIST ID END_PARAMETER_LIST START_BLOCK_OF_CODE Block END_BLOCK_OF_CODE
 118       | WHILE BEGIN_PARAMETER_LIST LogicOp END_PARAMETER_LIST START_BLOCK_OF_CODE Block END_BLOCK_OF_CODE

 119  If : IF BEGIN_PARAMETER_LIST ID END_PARAMETER_LIST START_BLOCK_OF_CODE Block END_BLOCK_OF_CODE ELSE START_BLOCK_OF_CODE Block END_BLOCK_OF_CODE
 120     | IF BEGIN_PARAMETER_LIST LogicOp END_PARAMETER_LIST START_BLOCK_OF_CODE Block END_BLOCK_OF_CODE ELSE START_BLOCK_OF_CODE Block END_BLOCK_OF_CODE
 121     | IF BEGIN_PARAMETER_LIST ID END_PARAMETER_LIST START_BLOCK_OF_CODE Block END_BLOCK_OF_CODE
 122     | IF BEGIN_PARAMETER_LIST LogicOp END_PARAMETER_LIST START_BLOCK_OF_CODE Block END_BLOCK_OF_CODE

 123  Array : BEGIN_STRING_INDEX E END_STRING_INDEX

state 0
	$accept : . S $end  (0)
	Start : .  (3)

	PROCEDURE  shift 1
	$end  reduce 3

	S  goto 2
	Start  goto 3
	Procedure  goto 4


state 1
	Procedure : PROCEDURE . ProcedureSignature ProcedureBlock  (4)

	IDENTIFIER  shift 5
	.  error

	ProcedureSignature  goto 6
	ID  goto 7


state 2
	$accept : S . $end  (0)

	$end  accept


state 3
	S : Start .  (1)

	.  reduce 1


state 4
	Start : Procedure . Start  (2)
	Start : .  (3)

	PROCEDURE  shift 1
	$end  reduce 3

	Start  goto 8
	Procedure  goto 4


state 5
	ID : IDENTIFIER .  (69)

	.  reduce 69


state 6
	Procedure : PROCEDURE ProcedureSignature . ProcedureBlock  (4)

	START_BLOCK_OF_CODE  shift 9
	.  error

	ProcedureBlock  goto 10


state 7
	ProcedureSignature : ID . BEGIN_PARAMETER_LIST Parameters END_PARAMETER_LIST ProcedureReturn  (13)

	BEGIN_PARAMETER_LIST  shift 11
	.  error


state 8
	Start : Procedure Start .  (2)

	.  reduce 2


state 9
	ProcedureBlock : START_BLOCK_OF_CODE . Block Return END_BLOCK_OF_CODE  (5)
	Block : .  (12)

	IF  shift 12
	WHILE  shift 13
	VAR  shift 14
	VALUE_ADDRESS  shift 15
	PROCEDURE  shift 1
	START_BLOCK_OF_CODE  shift 16
	IDENTIFIER  shift 5
	RETURN  reduce 12

	Procedure  goto 17
	Block  goto 18
	Define  goto 19
	Assignment  goto 20
	Loop  goto 21
	If  goto 22
	ID  goto 23
	ValueAddressID  goto 24


state 10
	Procedure : PROCEDURE ProcedureSignature ProcedureBlock .  (4)

	.  reduce 4


state 11
	ProcedureSignature : ID BEGIN_PARAMETER_LIST . Parameters END_PARAMETER_LIST ProcedureReturn  (13)
	Parameters : .  (16)

	IDENTIFIER  shift 25
	END_PARAMETER_LIST  reduce 16

	Parameters  goto 26


state 12
	If : IF . BEGIN_PARAMETER_LIST ID END_PARAMETER_LIST START_BLOCK_OF_CODE Block END_BLOCK_OF_CODE ELSE START_BLOCK_OF_CODE Block END_BLOCK_OF_CODE  (119)
	If : IF . BEGIN_PARAMETER_LIST LogicOp END_PARAMETER_LIST START_BLOCK_OF_CODE Block END_BLOCK_OF_CODE ELSE START_BLOCK_OF_CODE Block END_BLOCK_OF_CODE  (120)
	If : IF . BEGIN_PARAMETER_LIST ID END_PARAMETER_LIST START_BLOCK_OF_CODE Block END_BLOCK_OF_CODE  (121)
	If : IF . BEGIN_PARAMETER_LIST LogicOp END_PARAMETER_LIST START_BLOCK_OF_CODE Block END_BLOCK_OF_CODE  (122)

	BEGIN_PARAMETER_LIST  shift 27
	.  error


state 13
	Loop : WHILE . BEGIN_PARAMETER_LIST ID END_PARAMETER_LIST START_BLOCK_OF_CODE Block END_BLOCK_OF_CODE  (117)
	Loop : WHILE . BEGIN_PARAMETER_LIST LogicOp END_PARAMETER_LIST START_BLOCK_OF_CODE Block END_BLOCK_OF_CODE  (118)

	BEGIN_PARAMETER_LIST  shift 28
	.  error


state 14
	Define : VAR . IDents COLON Types SEMICOLON  (58)

	IDENTIFIER  shift 29
	.  error

	IDents  goto 30


state 15
	ValueAddressID : VALUE_ADDRESS . E  (44)

	VBAR  shift 31
	BINARY  shift 32
	OCTAL  shift 33
	INTEGER_CONST  shift 34
	BEGIN_PARAMETER_LIST  shift 35
	IDENTIFIER  shift 5
	HEXADECIMAL  shift 36
	.  error

	ID  goto 37
	CONST_INT  goto 38
	E  goto 39
	T  goto 40
	F  goto 41
	Absolute  goto 42
	StringLenth  goto 43


state 16
	Block : START_BLOCK_OF_CODE . Block END_BLOCK_OF_CODE Block  (11)
	Block : .  (12)

	IF  shift 12
	WHILE  shift 13
	VAR  shift 14
	VALUE_ADDRESS  shift 15
	PROCEDURE  shift 1
	START_BLOCK_OF_CODE  shift 16
	IDENTIFIER  shift 5
	END_BLOCK_OF_CODE  reduce 12

	Procedure  goto 17
	Block  goto 44
	Define  goto 19
	Assignment  goto 20
	Loop  goto 21
	If  goto 22
	ID  goto 23
	ValueAddressID  goto 24


state 17
	Block : Procedure . Block  (8)
	Block : .  (12)

	IF  shift 12
	WHILE  shift 13
	VAR  shift 14
	VALUE_ADDRESS  shift 15
	PROCEDURE  shift 1
	START_BLOCK_OF_CODE  shift 16
	IDENTIFIER  shift 5
	RETURN  reduce 12
	END_BLOCK_OF_CODE  reduce 12

	Procedure  goto 17
	Block  goto 45
	Define  goto 19
	Assignment  goto 20
	Loop  goto 21
	If  goto 22
	ID  goto 23
	ValueAddressID  goto 24


state 18
	ProcedureBlock : START_BLOCK_OF_CODE Block . Return END_BLOCK_OF_CODE  (5)

	RETURN  shift 46
	.  error

	Return  goto 47


state 19
	Block : Define . Block  (6)
	Block : .  (12)

	IF  shift 12
	WHILE  shift 13
	VAR  shift 14
	VALUE_ADDRESS  shift 15
	PROCEDURE  shift 1
	START_BLOCK_OF_CODE  shift 16
	IDENTIFIER  shift 5
	RETURN  reduce 12
	END_BLOCK_OF_CODE  reduce 12

	Procedure  goto 17
	Block  goto 48
	Define  goto 19
	Assignment  goto 20
	Loop  goto 21
	If  goto 22
	ID  goto 23
	ValueAddressID  goto 24


state 20
	Block : Assignment . Block  (7)
	Block : .  (12)

	IF  shift 12
	WHILE  shift 13
	VAR  shift 14
	VALUE_ADDRESS  shift 15
	PROCEDURE  shift 1
	START_BLOCK_OF_CODE  shift 16
	IDENTIFIER  shift 5
	RETURN  reduce 12
	END_BLOCK_OF_CODE  reduce 12

	Procedure  goto 17
	Block  goto 49
	Define  goto 19
	Assignment  goto 20
	Loop  goto 21
	If  goto 22
	ID  goto 23
	ValueAddressID  goto 24


state 21
	Block : Loop . Block  (9)
	Block : .  (12)

	IF  shift 12
	WHILE  shift 13
	VAR  shift 14
	VALUE_ADDRESS  shift 15
	PROCEDURE  shift 1
	START_BLOCK_OF_CODE  shift 16
	IDENTIFIER  shift 5
	RETURN  reduce 12
	END_BLOCK_OF_CODE  reduce 12

	Procedure  goto 17
	Block  goto 50
	Define  goto 19
	Assignment  goto 20
	Loop  goto 21
	If  goto 22
	ID  goto 23
	ValueAddressID  goto 24


state 22
	Block : If . Block  (10)
	Block : .  (12)

	IF  shift 12
	WHILE  shift 13
	VAR  shift 14
	VALUE_ADDRESS  shift 15
	PROCEDURE  shift 1
	START_BLOCK_OF_CODE  shift 16
	IDENTIFIER  shift 5
	RETURN  reduce 12
	END_BLOCK_OF_CODE  reduce 12

	Procedure  goto 17
	Block  goto 51
	Define  goto 19
	Assignment  goto 20
	Loop  goto 21
	If  goto 22
	ID  goto 23
	ValueAddressID  goto 24


state 23
	Assignment : ID . ASSIGN E SEMICOLON  (45)
	Assignment : ID . ASSIGN AddressID SEMICOLON  (46)
	Assignment : ID . ASSIGN ID BEGIN_PARAMETER_LIST EmptyOrPara END_PARAMETER_LIST SEMICOLON  (47)
	Assignment : ID . ASSIGN Consts SEMICOLON  (48)
	Assignment : ID . Array ASSIGN IndexedAssign SEMICOLON  (49)
	Assignment : ID . ASSIGN AddressID Array SEMICOLON  (50)
	Assignment : ID . ASSIGN ValueAddressID SEMICOLON  (51)
	Assignment : ID . ASSIGN NIL SEMICOLON  (54)
	Assignment : ID . ASSIGN LogicOp SEMICOLON  (55)

	ASSIGN  shift 52
	BEGIN_STRING_INDEX  shift 53
	.  error

	Array  goto 54


state 24
	Assignment : ValueAddressID . ASSIGN E SEMICOLON  (52)
	Assignment : ValueAddressID . ASSIGN CHAR_CONST SEMICOLON  (53)

	ASSIGN  shift 55
	.  error


state 25
	Parameters : IDENTIFIER . SomeParameters  (14)
	Parameters : IDENTIFIER . SomeParameters SEMICOLON Parameters  (15)

	COLON  shift 56
	SEPERATOR  shift 57
	.  error

	SomeParameters  goto 58


state 26
	ProcedureSignature : ID BEGIN_PARAMETER_LIST Parameters . END_PARAMETER_LIST ProcedureReturn  (13)

	END_PARAMETER_LIST  shift 59
	.  error


state 27
	If : IF BEGIN_PARAMETER_LIST . ID END_PARAMETER_LIST START_BLOCK_OF_CODE Block END_BLOCK_OF_CODE ELSE START_BLOCK_OF_CODE Block END_BLOCK_OF_CODE  (119)
	If : IF BEGIN_PARAMETER_LIST . LogicOp END_PARAMETER_LIST START_BLOCK_OF_CODE Block END_BLOCK_OF_CODE ELSE START_BLOCK_OF_CODE Block END_BLOCK_OF_CODE  (120)
	If : IF BEGIN_PARAMETER_LIST . ID END_PARAMETER_LIST START_BLOCK_OF_CODE Block END_BLOCK_OF_CODE  (121)
	If : IF BEGIN_PARAMETER_LIST . LogicOp END_PARAMETER_LIST START_BLOCK_OF_CODE Block END_BLOCK_OF_CODE  (122)

	CONST_BOOLEAN  shift 60
	NOT  shift 61
	AMPERSAND  shift 62
	VALUE_ADDRESS  shift 15
	VBAR  shift 31
	CHAR_CONST  shift 63
	BINARY  shift 32
	OCTAL  shift 33
	INTEGER_CONST  shift 34
	BEGIN_PARAMETER_LIST  shift 64
	IDENTIFIER  shift 5
	HEXADECIMAL  shift 36
	.  error

	ID  goto 65
	CONST_INT  goto 38
	E  goto 66
	T  goto 40
	F  goto 41
	Absolute  goto 42
	StringLenth  goto 43
	AddressID  goto 67
	ValueAddressID  goto 68
	LogicOp  goto 69
	condWithAnd  goto 70
	condWithBrackets  goto 71
	Condition  goto 72


state 28
	Loop : WHILE BEGIN_PARAMETER_LIST . ID END_PARAMETER_LIST START_BLOCK_OF_CODE Block END_BLOCK_OF_CODE  (117)
	Loop : WHILE BEGIN_PARAMETER_LIST . LogicOp END_PARAMETER_LIST START_BLOCK_OF_CODE Block END_BLOCK_OF_CODE  (118)

	CONST_BOOLEAN  shift 60
	NOT  shift 61
	AMPERSAND  shift 62
	VALUE_ADDRESS  shift 15
	VBAR  shift 31
	CHAR_CONST  shift 63
	BINARY  shift 32
	OCTAL  shift 33
	INTEGER_CONST  shift 34
	BEGIN_PARAMETER_LIST  shift 64
	IDENTIFIER  shift 5
	HEXADECIMAL  shift 36
	.  error

	ID  goto 73
	CONST_INT  goto 38
	E  goto 66
	T  goto 40
	F  goto 41
	Absolute  goto 42
	StringLenth  goto 43
	AddressID  goto 67
	ValueAddressID  goto 68
	LogicOp  goto 74
	condWithAnd  goto 70
	condWithBrackets  goto 71
	Condition  goto 72


state 29
	IDents : IDENTIFIER . SEPERATOR IDents  (59)
	IDents : IDENTIFIER .  (60)

	SEPERATOR  shift 75
	COLON  reduce 60


state 30
	Define : VAR IDents . COLON Types SEMICOLON  (58)

	COLON  shift 76
	.  error


state 31
	Absolute : VBAR . E VBAR  (70)
	StringLenth : VBAR . STRING_CONST VBAR  (71)

	VBAR  shift 31
	BINARY  shift 32
	OCTAL  shift 33
	INTEGER_CONST  shift 34
	STRING_CONST  shift 77
	BEGIN_PARAMETER_LIST  shift 35
	IDENTIFIER  shift 5
	HEXADECIMAL  shift 36
	.  error

	ID  goto 37
	CONST_INT  goto 38
	E  goto 78
	T  goto 40
	F  goto 41
	Absolute  goto 42
	StringLenth  goto 43


state 32
	CONST_INT : BINARY .  (29)

	.  reduce 29


state 33
	CONST_INT : OCTAL .  (30)

	.  reduce 30


state 34
	CONST_INT : INTEGER_CONST .  (28)

	.  reduce 28


state 35
	F : BEGIN_PARAMETER_LIST . E END_PARAMETER_LIST  (38)

	VBAR  shift 31
	BINARY  shift 32
	OCTAL  shift 33
	INTEGER_CONST  shift 34
	BEGIN_PARAMETER_LIST  shift 35
	IDENTIFIER  shift 5
	HEXADECIMAL  shift 36
	.  error

	ID  goto 37
	CONST_INT  goto 38
	E  goto 79
	T  goto 40
	F  goto 41
	Absolute  goto 42
	StringLenth  goto 43


state 36
	CONST_INT : HEXADECIMAL .  (31)

	.  reduce 31


state 37
	F : ID .  (39)

	.  reduce 39


state 38
	F : CONST_INT .  (40)

	.  reduce 40


state 39
	E : E . PLUS T  (32)
	E : E . MINUS T  (33)
	ValueAddressID : VALUE_ADDRESS E .  (44)

	MINUS  shift 80
	PLUS  shift 81
	ASSIGN  reduce 44
	EQ  reduce 44
	GT  reduce 44
	GE  reduce 44
	LT  reduce 44
	LE  reduce 44
	NE  reduce 44
	NOT  reduce 44
	AND  reduce 44
	OR  reduce 44
	SEMICOLON  reduce 44
	END_PARAMETER_LIST  reduce 44


state 40
	E : T .  (34)
	T : T . MUL F  (35)
	T : T . DIVISION F  (36)

	MUL  shift 82
	DIVISION  shift 83
	ASSIGN  reduce 34
	EQ  reduce 34
	GT  reduce 34
	GE  reduce 34
	LT  reduce 34
	LE  reduce 34
	NE  reduce 34
	NOT  reduce 34
	MINUS  reduce 34
	PLUS  reduce 34
	AND  reduce 34
	OR  reduce 34
	VBAR  reduce 34
	SEMICOLON  reduce 34
	SEPERATOR  reduce 34
	END_PARAMETER_LIST  reduce 34
	END_STRING_INDEX  reduce 34


state 41
	T : F .  (37)

	.  reduce 37


state 42
	F : Absolute .  (41)

	.  reduce 41


state 43
	F : StringLenth .  (42)

	.  reduce 42


state 44
	Block : START_BLOCK_OF_CODE Block . END_BLOCK_OF_CODE Block  (11)

	END_BLOCK_OF_CODE  shift 84
	.  error


state 45
	Block : Procedure Block .  (8)

	.  reduce 8


state 46
	Return : RETURN . E SEMICOLON  (109)
	Return : RETURN . Consts SEMICOLON  (110)
	Return : RETURN . CONST_BOOLEAN SEMICOLON  (111)
	Return : RETURN . AddressID SEMICOLON  (112)
	Return : RETURN . VALUE_ADDRESS E SEMICOLON  (113)
	Return : RETURN . IDENTIFIER BEGIN_PARAMETER_LIST EmptyOrPara END_PARAMETER_LIST SEMICOLON  (114)
	Return : RETURN . NIL SEMICOLON  (115)

	CONST_BOOLEAN  shift 85
	AMPERSAND  shift 62
	VALUE_ADDRESS  shift 86
	NIL  shift 87
	VBAR  shift 31
	CHAR_CONST  shift 88
	BINARY  shift 32
	OCTAL  shift 33
	INTEGER_CONST  shift 34
	STRING_CONST  shift 89
	BEGIN_PARAMETER_LIST  shift 35
	IDENTIFIER  shift 90
	HEXADECIMAL  shift 36
	.  error

	ID  goto 37
	CONST_INT  goto 38
	E  goto 91
	T  goto 40
	F  goto 41
	Absolute  goto 42
	StringLenth  goto 43
	AddressID  goto 92
	Consts  goto 93


state 47
	ProcedureBlock : START_BLOCK_OF_CODE Block Return . END_BLOCK_OF_CODE  (5)

	END_BLOCK_OF_CODE  shift 94
	.  error


state 48
	Block : Define Block .  (6)

	.  reduce 6


state 49
	Block : Assignment Block .  (7)

	.  reduce 7


state 50
	Block : Loop Block .  (9)

	.  reduce 9


state 51
	Block : If Block .  (10)

	.  reduce 10


state 52
	Assignment : ID ASSIGN . E SEMICOLON  (45)
	Assignment : ID ASSIGN . AddressID SEMICOLON  (46)
	Assignment : ID ASSIGN . ID BEGIN_PARAMETER_LIST EmptyOrPara END_PARAMETER_LIST SEMICOLON  (47)
	Assignment : ID ASSIGN . Consts SEMICOLON  (48)
	Assignment : ID ASSIGN . AddressID Array SEMICOLON  (50)
	Assignment : ID ASSIGN . ValueAddressID SEMICOLON  (51)
	Assignment : ID ASSIGN . NIL SEMICOLON  (54)
	Assignment : ID ASSIGN . LogicOp SEMICOLON  (55)

	CONST_BOOLEAN  shift 60
	NOT  shift 61
	AMPERSAND  shift 62
	VALUE_ADDRESS  shift 15
	NIL  shift 95
	VBAR  shift 31
	CHAR_CONST  shift 96
	BINARY  shift 32
	OCTAL  shift 33
	INTEGER_CONST  shift 34
	STRING_CONST  shift 89
	BEGIN_PARAMETER_LIST  shift 64
	IDENTIFIER  shift 5
	HEXADECIMAL  shift 36
	.  error

	ID  goto 97
	CONST_INT  goto 38
	E  goto 98
	T  goto 40
	F  goto 41
	Absolute  goto 42
	StringLenth  goto 43
	AddressID  goto 99
	ValueAddressID  goto 100
	Consts  goto 101
	LogicOp  goto 102
	condWithAnd  goto 70
	condWithBrackets  goto 71
	Condition  goto 72


state 53
	Array : BEGIN_STRING_INDEX . E END_STRING_INDEX  (123)

	VBAR  shift 31
	BINARY  shift 32
	OCTAL  shift 33
	INTEGER_CONST  shift 34
	BEGIN_PARAMETER_LIST  shift 35
	IDENTIFIER  shift 5
	HEXADECIMAL  shift 36
	.  error

	ID  goto 37
	CONST_INT  goto 38
	E  goto 103
	T  goto 40
	F  goto 41
	Absolute  goto 42
	StringLenth  goto 43


state 54
	Assignment : ID Array . ASSIGN IndexedAssign SEMICOLON  (49)

	ASSIGN  shift 104
	.  error


state 55
	Assignment : ValueAddressID ASSIGN . E SEMICOLON  (52)
	Assignment : ValueAddressID ASSIGN . CHAR_CONST SEMICOLON  (53)

	VBAR  shift 31
	CHAR_CONST  shift 105
	BINARY  shift 32
	OCTAL  shift 33
	INTEGER_CONST  shift 34
	BEGIN_PARAMETER_LIST  shift 35
	IDENTIFIER  shift 5
	HEXADECIMAL  shift 36
	.  error

	ID  goto 37
	CONST_INT  goto 38
	E  goto 106
	T  goto 40
	F  goto 41
	Absolute  goto 42
	StringLenth  goto 43


state 56
	SomeParameters : COLON . Types  (18)

	BOOLEAN  shift 107
	CHAR  shift 108
	INTEGER  shift 109
	STRING  shift 110
	INTPTR  shift 111
	CHARPTR  shift 112
	.  error

	Types  goto 113
	PtrTypes  goto 114
	ArrayType  goto 115


state 57
	SomeParameters : SEPERATOR . IDENTIFIER SomeParameters  (17)

	IDENTIFIER  shift 116
	.  error


state 58
	Parameters : IDENTIFIER SomeParameters .  (14)
	Parameters : IDENTIFIER SomeParameters . SEMICOLON Parameters  (15)

	SEMICOLON  shift 117
	END_PARAMETER_LIST  reduce 14


state 59
	ProcedureSignature : ID BEGIN_PARAMETER_LIST Parameters END_PARAMETER_LIST . ProcedureReturn  (13)

	RETURN  shift 118
	.  error

	ProcedureReturn  goto 119


state 60
	condWithBrackets : CONST_BOOLEAN .  (86)
	Condition : CONST_BOOLEAN . CompOp CONST_BOOLEAN  (104)
	Condition : CONST_BOOLEAN . CompOp E  (105)

	EQ  shift 120
	GT  shift 121
	GE  shift 122
	LT  shift 123
	LE  shift 124
	NE  shift 125
	NOT  shift 126
	AND  reduce 86
	OR  reduce 86
	SEMICOLON  reduce 86
	END_PARAMETER_LIST  reduce 86

	CompOp  goto 127


state 61
	Condition : NOT . ID  (107)
	Condition : NOT . CONST_BOOLEAN  (108)

	CONST_BOOLEAN  shift 128
	IDENTIFIER  shift 5
	.  error

	ID  goto 129


state 62
	AddressID : AMPERSAND . ID  (43)

	IDENTIFIER  shift 5
	.  error

	ID  goto 130


state 63
	Condition : CHAR_CONST . CompOp ValueAddressID  (97)
	Condition : CHAR_CONST . CompOp ID Array  (102)

	EQ  shift 120
	GT  shift 121
	GE  shift 122
	LT  shift 123
	LE  shift 124
	NE  shift 125
	NOT  shift 126
	.  error

	CompOp  goto 131


state 64
	F : BEGIN_PARAMETER_LIST . E END_PARAMETER_LIST  (38)
	condWithBrackets : BEGIN_PARAMETER_LIST . LogicOp END_PARAMETER_LIST  (85)

	CONST_BOOLEAN  shift 60
	NOT  shift 61
	AMPERSAND  shift 62
	VALUE_ADDRESS  shift 15
	VBAR  shift 31
	CHAR_CONST  shift 63
	BINARY  shift 32
	OCTAL  shift 33
	INTEGER_CONST  shift 34
	BEGIN_PARAMETER_LIST  shift 64
	IDENTIFIER  shift 5
	HEXADECIMAL  shift 36
	.  error

	ID  goto 132
	CONST_INT  goto 38
	E  goto 133
	T  goto 40
	F  goto 41
	Absolute  goto 42
	StringLenth  goto 43
	AddressID  goto 67
	ValueAddressID  goto 68
	LogicOp  goto 134
	condWithAnd  goto 70
	condWithBrackets  goto 71
	Condition  goto 72


state 65
	F : ID .  (39)
	Condition : ID . Array CompOp ValueAddressID  (95)
	Condition : ID . Array CompOp ID Array  (98)
	Condition : ID . Array CompOp E  (99)
	Condition : ID . Array CompOp CHAR_CONST  (101)
	If : IF BEGIN_PARAMETER_LIST ID . END_PARAMETER_LIST START_BLOCK_OF_CODE Block END_BLOCK_OF_CODE ELSE START_BLOCK_OF_CODE Block END_BLOCK_OF_CODE  (119)
	If : IF BEGIN_PARAMETER_LIST ID . END_PARAMETER_LIST START_BLOCK_OF_CODE Block END_BLOCK_OF_CODE  (121)

	END_PARAMETER_LIST  shift 135
	BEGIN_STRING_INDEX  shift 53
	EQ  reduce 39
	GT  reduce 39
	GE  reduce 39
	LT  reduce 39
	LE  reduce 39
	NE  reduce 39
	NOT  reduce 39
	MINUS  reduce 39
	PLUS  reduce 39
	MUL  reduce 39
	DIVISION  reduce 39

	Array  goto 136


state 66
	E : E . PLUS T  (32)
	E : E . MINUS T  (33)
	Condition : E . CompOp E  (88)
	Condition : E . CompOp ValueAddressID  (90)
	Condition : E . CompOp ID Array  (100)
	Condition : E . CompOp Consts  (103)
	Condition : E . CompOp CONST_BOOLEAN  (106)

	EQ  shift 120
	GT  shift 121
	GE  shift 122
	LT  shift 123
	LE  shift 124
	NE  shift 125
	NOT  shift 126
	MINUS  shift 80
	PLUS  shift 81
	.  error

	CompOp  goto 137


state 67
	Condition : AddressID . CompOp AddressID  (93)
	Condition : AddressID . CompOp ID  (94)

	EQ  shift 120
	GT  shift 121
	GE  shift 122
	LT  shift 123
	LE  shift 124
	NE  shift 125
	NOT  shift 126
	.  error

	CompOp  goto 138


state 68
	Condition : ValueAddressID . CompOp ValueAddressID  (89)
	Condition : ValueAddressID . CompOp E  (91)
	Condition : ValueAddressID . CompOp ID Array  (92)
	Condition : ValueAddressID . CompOp CHAR_CONST  (96)

	EQ  shift 120
	GT  shift 121
	GE  shift 122
	LT  shift 123
	LE  shift 124
	NE  shift 125
	NOT  shift 126
	.  error

	CompOp  goto 139


state 69
	If : IF BEGIN_PARAMETER_LIST LogicOp . END_PARAMETER_LIST START_BLOCK_OF_CODE Block END_BLOCK_OF_CODE ELSE START_BLOCK_OF_CODE Block END_BLOCK_OF_CODE  (120)
	If : IF BEGIN_PARAMETER_LIST LogicOp . END_PARAMETER_LIST START_BLOCK_OF_CODE Block END_BLOCK_OF_CODE  (122)

	END_PARAMETER_LIST  shift 140
	.  error


state 70
	LogicOp : condWithAnd . OR LogicOp  (81)
	LogicOp : condWithAnd .  (82)

	OR  shift 141
	SEMICOLON  reduce 82
	END_PARAMETER_LIST  reduce 82


state 71
	condWithAnd : condWithBrackets . AND condWithAnd  (83)
	condWithAnd : condWithBrackets .  (84)

	AND  shift 142
	OR  reduce 84
	SEMICOLON  reduce 84
	END_PARAMETER_LIST  reduce 84


state 72
	condWithBrackets : Condition .  (87)

	.  reduce 87


state 73
	F : ID .  (39)
	Condition : ID . Array CompOp ValueAddressID  (95)
	Condition : ID . Array CompOp ID Array  (98)
	Condition : ID . Array CompOp E  (99)
	Condition : ID . Array CompOp CHAR_CONST  (101)
	Loop : WHILE BEGIN_PARAMETER_LIST ID . END_PARAMETER_LIST START_BLOCK_OF_CODE Block END_BLOCK_OF_CODE  (117)

	END_PARAMETER_LIST  shift 143
	BEGIN_STRING_INDEX  shift 53
	EQ  reduce 39
	GT  reduce 39
	GE  reduce 39
	LT  reduce 39
	LE  reduce 39
	NE  reduce 39
	NOT  reduce 39
	MINUS  reduce 39
	PLUS  reduce 39
	MUL  reduce 39
	DIVISION  reduce 39

	Array  goto 136


state 74
	Loop : WHILE BEGIN_PARAMETER_LIST LogicOp . END_PARAMETER_LIST START_BLOCK_OF_CODE Block END_BLOCK_OF_CODE  (118)

	END_PARAMETER_LIST  shift 144
	.  error


state 75
	IDents : IDENTIFIER SEPERATOR . IDents  (59)

	IDENTIFIER  shift 29
	.  error

	IDents  goto 145


state 76
	Define : VAR IDents COLON . Types SEMICOLON  (58)

	BOOLEAN  shift 107
	CHAR  shift 108
	INTEGER  shift 109
	STRING  shift 110
	INTPTR  shift 111
	CHARPTR  shift 112
	.  error

	Types  goto 146
	PtrTypes  goto 114
	ArrayType  goto 115


state 77
	StringLenth : VBAR STRING_CONST . VBAR  (71)

	VBAR  shift 147
	.  error


state 78
	E : E . PLUS T  (32)
	E : E . MINUS T  (33)
	Absolute : VBAR E . VBAR  (70)

	MINUS  shift 80
	PLUS  shift 81
	VBAR  shift 148
	.  error


state 79
	E : E . PLUS T  (32)
	E : E . MINUS T  (33)
	F : BEGIN_PARAMETER_LIST E . END_PARAMETER_LIST  (38)

	MINUS  shift 80
	PLUS  shift 81
	END_PARAMETER_LIST  shift 149
	.  error


state 80
	E : E MINUS . T  (33)

	VBAR  shift 31
	BINARY  shift 32
	OCTAL  shift 33
	INTEGER_CONST  shift 34
	BEGIN_PARAMETER_LIST  shift 35
	IDENTIFIER  shift 5
	HEXADECIMAL  shift 36
	.  error

	ID  goto 37
	CONST_INT  goto 38
	T  goto 150
	F  goto 41
	Absolute  goto 42
	StringLenth  goto 43


state 81
	E : E PLUS . T  (32)

	VBAR  shift 31
	BINARY  shift 32
	OCTAL  shift 33
	INTEGER_CONST  shift 34
	BEGIN_PARAMETER_LIST  shift 35
	IDENTIFIER  shift 5
	HEXADECIMAL  shift 36
	.  error

	ID  goto 37
	CONST_INT  goto 38
	T  goto 151
	F  goto 41
	Absolute  goto 42
	StringLenth  goto 43


state 82
	T : T MUL . F  (35)

	VBAR  shift 31
	BINARY  shift 32
	OCTAL  shift 33
	INTEGER_CONST  shift 34
	BEGIN_PARAMETER_LIST  shift 35
	IDENTIFIER  shift 5
	HEXADECIMAL  shift 36
	.  error

	ID  goto 37
	CONST_INT  goto 38
	F  goto 152
	Absolute  goto 42
	StringLenth  goto 43


state 83
	T : T DIVISION . F  (36)

	VBAR  shift 31
	BINARY  shift 32
	OCTAL  shift 33
	INTEGER_CONST  shift 34
	BEGIN_PARAMETER_LIST  shift 35
	IDENTIFIER  shift 5
	HEXADECIMAL  shift 36
	.  error

	ID  goto 37
	CONST_INT  goto 38
	F  goto 153
	Absolute  goto 42
	StringLenth  goto 43


state 84
	Block : START_BLOCK_OF_CODE Block END_BLOCK_OF_CODE . Block  (11)
	Block : .  (12)

	IF  shift 12
	WHILE  shift 13
	VAR  shift 14
	VALUE_ADDRESS  shift 15
	PROCEDURE  shift 1
	START_BLOCK_OF_CODE  shift 16
	IDENTIFIER  shift 5
	RETURN  reduce 12
	END_BLOCK_OF_CODE  reduce 12

	Procedure  goto 17
	Block  goto 154
	Define  goto 19
	Assignment  goto 20
	Loop  goto 21
	If  goto 22
	ID  goto 23
	ValueAddressID  goto 24


state 85
	Return : RETURN CONST_BOOLEAN . SEMICOLON  (111)

	SEMICOLON  shift 155
	.  error


state 86
	Return : RETURN VALUE_ADDRESS . E SEMICOLON  (113)

	VBAR  shift 31
	BINARY  shift 32
	OCTAL  shift 33
	INTEGER_CONST  shift 34
	BEGIN_PARAMETER_LIST  shift 35
	IDENTIFIER  shift 5
	HEXADECIMAL  shift 36
	.  error

	ID  goto 37
	CONST_INT  goto 38
	E  goto 156
	T  goto 40
	F  goto 41
	Absolute  goto 42
	StringLenth  goto 43


state 87
	Return : RETURN NIL . SEMICOLON  (115)

	SEMICOLON  shift 157
	.  error


state 88
	Consts : CHAR_CONST .  (72)

	.  reduce 72


state 89
	Consts : STRING_CONST .  (73)

	.  reduce 73


state 90
	ID : IDENTIFIER .  (69)
	Return : RETURN IDENTIFIER . BEGIN_PARAMETER_LIST EmptyOrPara END_PARAMETER_LIST SEMICOLON  (114)

	BEGIN_PARAMETER_LIST  shift 158
	MINUS  reduce 69
	PLUS  reduce 69
	MUL  reduce 69
	DIVISION  reduce 69
	SEMICOLON  reduce 69


state 91
	E : E . PLUS T  (32)
	E : E . MINUS T  (33)
	Return : RETURN E . SEMICOLON  (109)

	MINUS  shift 80
	PLUS  shift 81
	SEMICOLON  shift 159
	.  error


state 92
	Return : RETURN AddressID . SEMICOLON  (112)

	SEMICOLON  shift 160
	.  error


state 93
	Return : RETURN Consts . SEMICOLON  (110)

	SEMICOLON  shift 161
	.  error


state 94
	ProcedureBlock : START_BLOCK_OF_CODE Block Return END_BLOCK_OF_CODE .  (5)

	.  reduce 5


state 95
	Assignment : ID ASSIGN NIL . SEMICOLON  (54)

	SEMICOLON  shift 162
	.  error


state 96
	Consts : CHAR_CONST .  (72)
	Condition : CHAR_CONST . CompOp ValueAddressID  (97)
	Condition : CHAR_CONST . CompOp ID Array  (102)

	EQ  shift 120
	GT  shift 121
	GE  shift 122
	LT  shift 123
	LE  shift 124
	NE  shift 125
	NOT  shift 126
	SEMICOLON  reduce 72

	CompOp  goto 131


state 97
	F : ID .  (39)
	Assignment : ID ASSIGN ID . BEGIN_PARAMETER_LIST EmptyOrPara END_PARAMETER_LIST SEMICOLON  (47)
	Condition : ID . Array CompOp ValueAddressID  (95)
	Condition : ID . Array CompOp ID Array  (98)
	Condition : ID . Array CompOp E  (99)
	Condition : ID . Array CompOp CHAR_CONST  (101)

	BEGIN_PARAMETER_LIST  shift 163
	BEGIN_STRING_INDEX  shift 53
	EQ  reduce 39
	GT  reduce 39
	GE  reduce 39
	LT  reduce 39
	LE  reduce 39
	NE  reduce 39
	NOT  reduce 39
	MINUS  reduce 39
	PLUS  reduce 39
	MUL  reduce 39
	DIVISION  reduce 39
	SEMICOLON  reduce 39

	Array  goto 136


state 98
	E : E . PLUS T  (32)
	E : E . MINUS T  (33)
	Assignment : ID ASSIGN E . SEMICOLON  (45)
	Condition : E . CompOp E  (88)
	Condition : E . CompOp ValueAddressID  (90)
	Condition : E . CompOp ID Array  (100)
	Condition : E . CompOp Consts  (103)
	Condition : E . CompOp CONST_BOOLEAN  (106)

	EQ  shift 120
	GT  shift 121
	GE  shift 122
	LT  shift 123
	LE  shift 124
	NE  shift 125
	NOT  shift 126
	MINUS  shift 80
	PLUS  shift 81
	SEMICOLON  shift 164
	.  error

	CompOp  goto 137


state 99
	Assignment : ID ASSIGN AddressID . SEMICOLON  (46)
	Assignment : ID ASSIGN AddressID . Array SEMICOLON  (50)
	Condition : AddressID . CompOp AddressID  (93)
	Condition : AddressID . CompOp ID  (94)

	EQ  shift 120
	GT  shift 121
	GE  shift 122
	LT  shift 123
	LE  shift 124
	NE  shift 125
	NOT  shift 126
	SEMICOLON  shift 165
	BEGIN_STRING_INDEX  shift 53
	.  error

	Array  goto 166
	CompOp  goto 138


state 100
	Assignment : ID ASSIGN ValueAddressID . SEMICOLON  (51)
	Condition : ValueAddressID . CompOp ValueAddressID  (89)
	Condition : ValueAddressID . CompOp E  (91)
	Condition : ValueAddressID . CompOp ID Array  (92)
	Condition : ValueAddressID . CompOp CHAR_CONST  (96)

	EQ  shift 120
	GT  shift 121
	GE  shift 122
	LT  shift 123
	LE  shift 124
	NE  shift 125
	NOT  shift 126
	SEMICOLON  shift 167
	.  error

	CompOp  goto 139


state 101
	Assignment : ID ASSIGN Consts . SEMICOLON  (48)

	SEMICOLON  shift 168
	.  error


state 102
	Assignment : ID ASSIGN LogicOp . SEMICOLON  (55)

	SEMICOLON  shift 169
	.  error


state 103
	E : E . PLUS T  (32)
	E : E . MINUS T  (33)
	Array : BEGIN_STRING_INDEX E . END_STRING_INDEX  (123)

	MINUS  shift 80
	PLUS  shift 81
	END_STRING_INDEX  shift 170
	.  error


state 104
	Assignment : ID Array ASSIGN . IndexedAssign SEMICOLON  (49)

	CHAR_CONST  shift 171
	IDENTIFIER  shift 5
	.  error

	ID  goto 172
	IndexedAssign  goto 173


state 105
	Assignment : ValueAddressID ASSIGN CHAR_CONST . SEMICOLON  (53)

	SEMICOLON  shift 174
	.  error


state 106
	E : E . PLUS T  (32)
	E : E . MINUS T  (33)
	Assignment : ValueAddressID ASSIGN E . SEMICOLON  (52)

	MINUS  shift 80
	PLUS  shift 81
	SEMICOLON  shift 175
	.  error


state 107
	Types : BOOLEAN .  (19)

	.  reduce 19


state 108
	Types : CHAR .  (20)

	.  reduce 20


state 109
	Types : INTEGER .  (21)

	.  reduce 21


state 110
	Types : STRING .  (22)
	ArrayType : STRING . BEGIN_STRING_INDEX INTEGER_CONST END_STRING_INDEX  (27)

	BEGIN_STRING_INDEX  shift 176
	SEMICOLON  reduce 22
	START_BLOCK_OF_CODE  reduce 22
	END_PARAMETER_LIST  reduce 22


state 111
	PtrTypes : INTPTR .  (25)

	.  reduce 25


state 112
	PtrTypes : CHARPTR .  (26)

	.  reduce 26


state 113
	SomeParameters : COLON Types .  (18)

	.  reduce 18


state 114
	Types : PtrTypes .  (23)

	.  reduce 23


state 115
	Types : ArrayType .  (24)

	.  reduce 24


state 116
	SomeParameters : SEPERATOR IDENTIFIER . SomeParameters  (17)

	COLON  shift 56
	SEPERATOR  shift 57
	.  error

	SomeParameters  goto 177


state 117
	Parameters : IDENTIFIER SomeParameters SEMICOLON . Parameters  (15)
	Parameters : .  (16)

	IDENTIFIER  shift 25
	END_PARAMETER_LIST  reduce 16

	Parameters  goto 178


state 118
	ProcedureReturn : RETURN . Types  (116)

	BOOLEAN  shift 107
	CHAR  shift 108
	INTEGER  shift 109
	STRING  shift 110
	INTPTR  shift 111
	CHARPTR  shift 112
	.  error

	Types  goto 179
	PtrTypes  goto 114
	ArrayType  goto 115


state 119
	ProcedureSignature : ID BEGIN_PARAMETER_LIST Parameters END_PARAMETER_LIST ProcedureReturn .  (13)

	.  reduce 13


state 120
	CompOp : EQ .  (74)

	.  reduce 74


state 121
	CompOp : GT .  (75)

	.  reduce 75


state 122
	CompOp : GE .  (76)

	.  reduce 76


state 123
	CompOp : LT .  (77)

	.  reduce 77


state 124
	CompOp : LE .  (78)

	.  reduce 78


state 125
	CompOp : NE .  (79)

	.  reduce 79


state 126
	CompOp : NOT .  (80)

	.  reduce 80


state 127
	Condition : CONST_BOOLEAN CompOp . CONST_BOOLEAN  (104)
	Condition : CONST_BOOLEAN CompOp . E  (105)

	CONST_BOOLEAN  shift 180
	VBAR  shift 31
	BINARY  shift 32
	OCTAL  shift 33
	INTEGER_CONST  shift 34
	BEGIN_PARAMETER_LIST  shift 35
	IDENTIFIER  shift 5
	HEXADECIMAL  shift 36
	.  error

	ID  goto 37
	CONST_INT  goto 38
	E  goto 181
	T  goto 40
	F  goto 41
	Absolute  goto 42
	StringLenth  goto 43


state 128
	Condition : NOT CONST_BOOLEAN .  (108)

	.  reduce 108


state 129
	Condition : NOT ID .  (107)

	.  reduce 107


state 130
	AddressID : AMPERSAND ID .  (43)

	.  reduce 43


state 131
	Condition : CHAR_CONST CompOp . ValueAddressID  (97)
	Condition : CHAR_CONST CompOp . ID Array  (102)

	VALUE_ADDRESS  shift 15
	IDENTIFIER  shift 5
	.  error

	ID  goto 182
	ValueAddressID  goto 183


state 132
	F : ID .  (39)
	Condition : ID . Array CompOp ValueAddressID  (95)
	Condition : ID . Array CompOp ID Array  (98)
	Condition : ID . Array CompOp E  (99)
	Condition : ID . Array CompOp CHAR_CONST  (101)

	BEGIN_STRING_INDEX  shift 53
	EQ  reduce 39
	GT  reduce 39
	GE  reduce 39
	LT  reduce 39
	LE  reduce 39
	NE  reduce 39
	NOT  reduce 39
	MINUS  reduce 39
	PLUS  reduce 39
	MUL  reduce 39
	DIVISION  reduce 39
	END_PARAMETER_LIST  reduce 39

	Array  goto 136


state 133
	E : E . PLUS T  (32)
	E : E . MINUS T  (33)
	F : BEGIN_PARAMETER_LIST E . END_PARAMETER_LIST  (38)
	Condition : E . CompOp E  (88)
	Condition : E . CompOp ValueAddressID  (90)
	Condition : E . CompOp ID Array  (100)
	Condition : E . CompOp Consts  (103)
	Condition : E . CompOp CONST_BOOLEAN  (106)

	EQ  shift 120
	GT  shift 121
	GE  shift 122
	LT  shift 123
	LE  shift 124
	NE  shift 125
	NOT  shift 126
	MINUS  shift 80
	PLUS  shift 81
	END_PARAMETER_LIST  shift 149
	.  error

	CompOp  goto 137


state 134
	condWithBrackets : BEGIN_PARAMETER_LIST LogicOp . END_PARAMETER_LIST  (85)

	END_PARAMETER_LIST  shift 184
	.  error


state 135
	If : IF BEGIN_PARAMETER_LIST ID END_PARAMETER_LIST . START_BLOCK_OF_CODE Block END_BLOCK_OF_CODE ELSE START_BLOCK_OF_CODE Block END_BLOCK_OF_CODE  (119)
	If : IF BEGIN_PARAMETER_LIST ID END_PARAMETER_LIST . START_BLOCK_OF_CODE Block END_BLOCK_OF_CODE  (121)

	START_BLOCK_OF_CODE  shift 185
	.  error


state 136
	Condition : ID Array . CompOp ValueAddressID  (95)
	Condition : ID Array . CompOp ID Array  (98)
	Condition : ID Array . CompOp E  (99)
	Condition : ID Array . CompOp CHAR_CONST  (101)

	EQ  shift 120
	GT  shift 121
	GE  shift 122
	LT  shift 123
	LE  shift 124
	NE  shift 125
	NOT  shift 126
	.  error

	CompOp  goto 186


state 137
	Condition : E CompOp . E  (88)
	Condition : E CompOp . ValueAddressID  (90)
	Condition : E CompOp . ID Array  (100)
	Condition : E CompOp . Consts  (103)
	Condition : E CompOp . CONST_BOOLEAN  (106)

	CONST_BOOLEAN  shift 187
	VALUE_ADDRESS  shift 15
	VBAR  shift 31
	CHAR_CONST  shift 88
	BINARY  shift 32
	OCTAL  shift 33
	INTEGER_CONST  shift 34
	STRING_CONST  shift 89
	BEGIN_PARAMETER_LIST  shift 35
	IDENTIFIER  shift 5
	HEXADECIMAL  shift 36
	.  error

	ID  goto 188
	CONST_INT  goto 38
	E  goto 189
	T  goto 40
	F  goto 41
	Absolute  goto 42
	StringLenth  goto 43
	ValueAddressID  goto 190
	Consts  goto 191


state 138
	Condition : AddressID CompOp . AddressID  (93)
	Condition : AddressID CompOp . ID  (94)

	AMPERSAND  shift 62
	IDENTIFIER  shift 5
	.  error

	ID  goto 192
	AddressID  goto 193


state 139
	Condition : ValueAddressID CompOp . ValueAddressID  (89)
	Condition : ValueAddressID CompOp . E  (91)
	Condition : ValueAddressID CompOp . ID Array  (92)
	Condition : ValueAddressID CompOp . CHAR_CONST  (96)

	VALUE_ADDRESS  shift 15
	VBAR  shift 31
	CHAR_CONST  shift 194
	BINARY  shift 32
	OCTAL  shift 33
	INTEGER_CONST  shift 34
	BEGIN_PARAMETER_LIST  shift 35
	IDENTIFIER  shift 5
	HEXADECIMAL  shift 36
	.  error

	ID  goto 195
	CONST_INT  goto 38
	E  goto 196
	T  goto 40
	F  goto 41
	Absolute  goto 42
	StringLenth  goto 43
	ValueAddressID  goto 197


state 140
	If : IF BEGIN_PARAMETER_LIST LogicOp END_PARAMETER_LIST . START_BLOCK_OF_CODE Block END_BLOCK_OF_CODE ELSE START_BLOCK_OF_CODE Block END_BLOCK_OF_CODE  (120)
	If : IF BEGIN_PARAMETER_LIST LogicOp END_PARAMETER_LIST . START_BLOCK_OF_CODE Block END_BLOCK_OF_CODE  (122)

	START_BLOCK_OF_CODE  shift 198
	.  error


state 141
	LogicOp : condWithAnd OR . LogicOp  (81)

	CONST_BOOLEAN  shift 60
	NOT  shift 61
	AMPERSAND  shift 62
	VALUE_ADDRESS  shift 15
	VBAR  shift 31
	CHAR_CONST  shift 63
	BINARY  shift 32
	OCTAL  shift 33
	INTEGER_CONST  shift 34
	BEGIN_PARAMETER_LIST  shift 64
	IDENTIFIER  shift 5
	HEXADECIMAL  shift 36
	.  error

	ID  goto 132
	CONST_INT  goto 38
	E  goto 66
	T  goto 40
	F  goto 41
	Absolute  goto 42
	StringLenth  goto 43
	AddressID  goto 67
	ValueAddressID  goto 68
	LogicOp  goto 199
	condWithAnd  goto 70
	condWithBrackets  goto 71
	Condition  goto 72


state 142
	condWithAnd : condWithBrackets AND . condWithAnd  (83)

	CONST_BOOLEAN  shift 60
	NOT  shift 61
	AMPERSAND  shift 62
	VALUE_ADDRESS  shift 15
	VBAR  shift 31
	CHAR_CONST  shift 63
	BINARY  shift 32
	OCTAL  shift 33
	INTEGER_CONST  shift 34
	BEGIN_PARAMETER_LIST  shift 64
	IDENTIFIER  shift 5
	HEXADECIMAL  shift 36
	.  error

	ID  goto 132
	CONST_INT  goto 38
	E  goto 66
	T  goto 40
	F  goto 41
	Absolute  goto 42
	StringLenth  goto 43
	AddressID  goto 67
	ValueAddressID  goto 68
	condWithAnd  goto 200
	condWithBrackets  goto 71
	Condition  goto 72


state 143
	Loop : WHILE BEGIN_PARAMETER_LIST ID END_PARAMETER_LIST . START_BLOCK_OF_CODE Block END_BLOCK_OF_CODE  (117)

	START_BLOCK_OF_CODE  shift 201
	.  error


state 144
	Loop : WHILE BEGIN_PARAMETER_LIST LogicOp END_PARAMETER_LIST . START_BLOCK_OF_CODE Block END_BLOCK_OF_CODE  (118)

	START_BLOCK_OF_CODE  shift 202
	.  error


state 145
	IDents : IDENTIFIER SEPERATOR IDents .  (59)

	.  reduce 59


state 146
	Define : VAR IDents COLON Types . SEMICOLON  (58)

	SEMICOLON  shift 203
	.  error


state 147
	StringLenth : VBAR STRING_CONST VBAR .  (71)

	.  reduce 71


state 148
	Absolute : VBAR E VBAR .  (70)

	.  reduce 70


state 149
	F : BEGIN_PARAMETER_LIST E END_PARAMETER_LIST .  (38)

	.  reduce 38


state 150
	E : E MINUS T .  (33)
	T : T . MUL F  (35)
	T : T . DIVISION F  (36)

	MUL  shift 82
	DIVISION  shift 83
	ASSIGN  reduce 33
	EQ  reduce 33
	GT  reduce 33
	GE  reduce 33
	LT  reduce 33
	LE  reduce 33
	NE  reduce 33
	NOT  reduce 33
	MINUS  reduce 33
	PLUS  reduce 33
	AND  reduce 33
	OR  reduce 33
	VBAR  reduce 33
	SEMICOLON  reduce 33
	SEPERATOR  reduce 33
	END_PARAMETER_LIST  reduce 33
	END_STRING_INDEX  reduce 33


state 151
	E : E PLUS T .  (32)
	T : T . MUL F  (35)
	T : T . DIVISION F  (36)

	MUL  shift 82
	DIVISION  shift 83
	ASSIGN  reduce 32
	EQ  reduce 32
	GT  reduce 32
	GE  reduce 32
	LT  reduce 32
	LE  reduce 32
	NE  reduce 32
	NOT  reduce 32
	MINUS  reduce 32
	PLUS  reduce 32
	AND  reduce 32
	OR  reduce 32
	VBAR  reduce 32
	SEMICOLON  reduce 32
	SEPERATOR  reduce 32
	END_PARAMETER_LIST  reduce 32
	END_STRING_INDEX  reduce 32


state 152
	T : T MUL F .  (35)

	.  reduce 35


state 153
	T : T DIVISION F .  (36)

	.  reduce 36


state 154
	Block : START_BLOCK_OF_CODE Block END_BLOCK_OF_CODE Block .  (11)

	.  reduce 11


state 155
	Return : RETURN CONST_BOOLEAN SEMICOLON .  (111)

	.  reduce 111


state 156
	E : E . PLUS T  (32)
	E : E . MINUS T  (33)
	Return : RETURN VALUE_ADDRESS E . SEMICOLON  (113)

	MINUS  shift 80
	PLUS  shift 81
	SEMICOLON  shift 204
	.  error


state 157
	Return : RETURN NIL SEMICOLON .  (115)

	.  reduce 115


state 158
	Return : RETURN IDENTIFIER BEGIN_PARAMETER_LIST . EmptyOrPara END_PARAMETER_LIST SEMICOLON  (114)
	EmptyOrPara : .  (68)

	CONST_BOOLEAN  shift 205
	VBAR  shift 31
	CHAR_CONST  shift 88
	BINARY  shift 32
	OCTAL  shift 33
	INTEGER_CONST  shift 34
	STRING_CONST  shift 89
	BEGIN_PARAMETER_LIST  shift 35
	IDENTIFIER  shift 5
	HEXADECIMAL  shift 36
	END_PARAMETER_LIST  reduce 68

	ID  goto 37
	CONST_INT  goto 38
	E  goto 206
	T  goto 40
	F  goto 41
	Absolute  goto 42
	StringLenth  goto 43
	EmptyOrPara  goto 207
	Consts  goto 208
	IDentsWithEmpty  goto 209


state 159
	Return : RETURN E SEMICOLON .  (109)

	.  reduce 109


state 160
	Return : RETURN AddressID SEMICOLON .  (112)

	.  reduce 112


state 161
	Return : RETURN Consts SEMICOLON .  (110)

	.  reduce 110


state 162
	Assignment : ID ASSIGN NIL SEMICOLON .  (54)

	.  reduce 54


state 163
	Assignment : ID ASSIGN ID BEGIN_PARAMETER_LIST . EmptyOrPara END_PARAMETER_LIST SEMICOLON  (47)
	EmptyOrPara : .  (68)

	CONST_BOOLEAN  shift 205
	VBAR  shift 31
	CHAR_CONST  shift 88
	BINARY  shift 32
	OCTAL  shift 33
	INTEGER_CONST  shift 34
	STRING_CONST  shift 89
	BEGIN_PARAMETER_LIST  shift 35
	IDENTIFIER  shift 5
	HEXADECIMAL  shift 36
	END_PARAMETER_LIST  reduce 68

	ID  goto 37
	CONST_INT  goto 38
	E  goto 206
	T  goto 40
	F  goto 41
	Absolute  goto 42
	StringLenth  goto 43
	EmptyOrPara  goto 210
	Consts  goto 208
	IDentsWithEmpty  goto 209


state 164
	Assignment : ID ASSIGN E SEMICOLON .  (45)

	.  reduce 45


state 165
	Assignment : ID ASSIGN AddressID SEMICOLON .  (46)

	.  reduce 46


state 166
	Assignment : ID ASSIGN AddressID Array . SEMICOLON  (50)

	SEMICOLON  shift 211
	.  error


state 167
	Assignment : ID ASSIGN ValueAddressID SEMICOLON .  (51)

	.  reduce 51


state 168
	Assignment : ID ASSIGN Consts SEMICOLON .  (48)

	.  reduce 48


state 169
	Assignment : ID ASSIGN LogicOp SEMICOLON .  (55)

	.  reduce 55


state 170
	Array : BEGIN_STRING_INDEX E END_STRING_INDEX .  (123)

	.  reduce 123


state 171
	IndexedAssign : CHAR_CONST .  (57)

	.  reduce 57


state 172
	IndexedAssign : ID .  (56)

	.  reduce 56


state 173
	Assignment : ID Array ASSIGN IndexedAssign . SEMICOLON  (49)

	SEMICOLON  shift 212
	.  error


state 174
	Assignment : ValueAddressID ASSIGN CHAR_CONST SEMICOLON .  (53)

	.  reduce 53


state 175
	Assignment : ValueAddressID ASSIGN E SEMICOLON .  (52)

	.  reduce 52


state 176
	ArrayType : STRING BEGIN_STRING_INDEX . INTEGER_CONST END_STRING_INDEX  (27)

	INTEGER_CONST  shift 213
	.  error


state 177
	SomeParameters : SEPERATOR IDENTIFIER SomeParameters .  (17)

	.  reduce 17


state 178
	Parameters : IDENTIFIER SomeParameters SEMICOLON Parameters .  (15)

	.  reduce 15


state 179
	ProcedureReturn : RETURN Types .  (116)

	.  reduce 116


state 180
	Condition : CONST_BOOLEAN CompOp CONST_BOOLEAN .  (104)

	.  reduce 104


state 181
	E : E . PLUS T  (32)
	E : E . MINUS T  (33)
	Condition : CONST_BOOLEAN CompOp E .  (105)

	MINUS  shift 80
	PLUS  shift 81
	AND  reduce 105
	OR  reduce 105
	SEMICOLON  reduce 105
	END_PARAMETER_LIST  reduce 105


state 182
	Condition : CHAR_CONST CompOp ID . Array  (102)

	BEGIN_STRING_INDEX  shift 53
	.  error

	Array  goto 214


state 183
	Condition : CHAR_CONST CompOp ValueAddressID .  (97)

	.  reduce 97


state 184
	condWithBrackets : BEGIN_PARAMETER_LIST LogicOp END_PARAMETER_LIST .  (85)

	.  reduce 85


state 185
	If : IF BEGIN_PARAMETER_LIST ID END_PARAMETER_LIST START_BLOCK_OF_CODE . Block END_BLOCK_OF_CODE ELSE START_BLOCK_OF_CODE Block END_BLOCK_OF_CODE  (119)
	If : IF BEGIN_PARAMETER_LIST ID END_PARAMETER_LIST START_BLOCK_OF_CODE . Block END_BLOCK_OF_CODE  (121)
	Block : .  (12)

	IF  shift 12
	WHILE  shift 13
	VAR  shift 14
	VALUE_ADDRESS  shift 15
	PROCEDURE  shift 1
	START_BLOCK_OF_CODE  shift 16
	IDENTIFIER  shift 5
	END_BLOCK_OF_CODE  reduce 12

	Procedure  goto 17
	Block  goto 215
	Define  goto 19
	Assignment  goto 20
	Loop  goto 21
	If  goto 22
	ID  goto 23
	ValueAddressID  goto 24


state 186
	Condition : ID Array CompOp . ValueAddressID  (95)
	Condition : ID Array CompOp . ID Array  (98)
	Condition : ID Array CompOp . E  (99)
	Condition : ID Array CompOp . CHAR_CONST  (101)

	VALUE_ADDRESS  shift 15
	VBAR  shift 31
	CHAR_CONST  shift 216
	BINARY  shift 32
	OCTAL  shift 33
	INTEGER_CONST  shift 34
	BEGIN_PARAMETER_LIST  shift 35
	IDENTIFIER  shift 5
	HEXADECIMAL  shift 36
	.  error

	ID  goto 217
	CONST_INT  goto 38
	E  goto 218
	T  goto 40
	F  goto 41
	Absolute  goto 42
	StringLenth  goto 43
	ValueAddressID  goto 219


state 187
	Condition : E CompOp CONST_BOOLEAN .  (106)

	.  reduce 106


state 188
	F : ID .  (39)
	Condition : E CompOp ID . Array  (100)

	BEGIN_STRING_INDEX  shift 53
	MINUS  reduce 39
	PLUS  reduce 39
	MUL  reduce 39
	DIVISION  reduce 39
	AND  reduce 39
	OR  reduce 39
	SEMICOLON  reduce 39
	END_PARAMETER_LIST  reduce 39

	Array  goto 220


state 189
	E : E . PLUS T  (32)
	E : E . MINUS T  (33)
	Condition : E CompOp E .  (88)

	MINUS  shift 80
	PLUS  shift 81
	AND  reduce 88
	OR  reduce 88
	SEMICOLON  reduce 88
	END_PARAMETER_LIST  reduce 88


state 190
	Condition : E CompOp ValueAddressID .  (90)

	.  reduce 90


state 191
	Condition : E CompOp Consts .  (103)

	.  reduce 103


state 192
	Condition : AddressID CompOp ID .  (94)

	.  reduce 94


state 193
	Condition : AddressID CompOp AddressID .  (93)

	.  reduce 93


state 194
	Condition : ValueAddressID CompOp CHAR_CONST .  (96)

	.  reduce 96


state 195
	F : ID .  (39)
	Condition : ValueAddressID CompOp ID . Array  (92)

	BEGIN_STRING_INDEX  shift 53
	MINUS  reduce 39
	PLUS  reduce 39
	MUL  reduce 39
	DIVISION  reduce 39
	AND  reduce 39
	OR  reduce 39
	SEMICOLON  reduce 39
	END_PARAMETER_LIST  reduce 39

	Array  goto 221


state 196
	E : E . PLUS T  (32)
	E : E . MINUS T  (33)
	Condition : ValueAddressID CompOp E .  (91)

	MINUS  shift 80
	PLUS  shift 81
	AND  reduce 91
	OR  reduce 91
	SEMICOLON  reduce 91
	END_PARAMETER_LIST  reduce 91


state 197
	Condition : ValueAddressID CompOp ValueAddressID .  (89)

	.  reduce 89


state 198
	If : IF BEGIN_PARAMETER_LIST LogicOp END_PARAMETER_LIST START_BLOCK_OF_CODE . Block END_BLOCK_OF_CODE ELSE START_BLOCK_OF_CODE Block END_BLOCK_OF_CODE  (120)
	If : IF BEGIN_PARAMETER_LIST LogicOp END_PARAMETER_LIST START_BLOCK_OF_CODE . Block END_BLOCK_OF_CODE  (122)
	Block : .  (12)

	IF  shift 12
	WHILE  shift 13
	VAR  shift 14
	VALUE_ADDRESS  shift 15
	PROCEDURE  shift 1
	START_BLOCK_OF_CODE  shift 16
	IDENTIFIER  shift 5
	END_BLOCK_OF_CODE  reduce 12

	Procedure  goto 17
	Block  goto 222
	Define  goto 19
	Assignment  goto 20
	Loop  goto 21
	If  goto 22
	ID  goto 23
	ValueAddressID  goto 24


state 199
	LogicOp : condWithAnd OR LogicOp .  (81)

	.  reduce 81


state 200
	condWithAnd : condWithBrackets AND condWithAnd .  (83)

	.  reduce 83


state 201
	Loop : WHILE BEGIN_PARAMETER_LIST ID END_PARAMETER_LIST START_BLOCK_OF_CODE . Block END_BLOCK_OF_CODE  (117)
	Block : .  (12)

	IF  shift 12
	WHILE  shift 13
	VAR  shift 14
	VALUE_ADDRESS  shift 15
	PROCEDURE  shift 1
	START_BLOCK_OF_CODE  shift 16
	IDENTIFIER  shift 5
	END_BLOCK_OF_CODE  reduce 12

	Procedure  goto 17
	Block  goto 223
	Define  goto 19
	Assignment  goto 20
	Loop  goto 21
	If  goto 22
	ID  goto 23
	ValueAddressID  goto 24


state 202
	Loop : WHILE BEGIN_PARAMETER_LIST LogicOp END_PARAMETER_LIST START_BLOCK_OF_CODE . Block END_BLOCK_OF_CODE  (118)
	Block : .  (12)

	IF  shift 12
	WHILE  shift 13
	VAR  shift 14
	VALUE_ADDRESS  shift 15
	PROCEDURE  shift 1
	START_BLOCK_OF_CODE  shift 16
	IDENTIFIER  shift 5
	END_BLOCK_OF_CODE  reduce 12

	Procedure  goto 17
	Block  goto 224
	Define  goto 19
	Assignment  goto 20
	Loop  goto 21
	If  goto 22
	ID  goto 23
	ValueAddressID  goto 24


state 203
	Define : VAR IDents COLON Types SEMICOLON .  (58)

	.  reduce 58


state 204
	Return : RETURN VALUE_ADDRESS E SEMICOLON .  (113)

	.  reduce 113


state 205
	IDentsWithEmpty : CONST_BOOLEAN . SEPERATOR IDentsWithEmpty  (63)
	IDentsWithEmpty : CONST_BOOLEAN .  (66)

	SEPERATOR  shift 225
	END_PARAMETER_LIST  reduce 66


state 206
	E : E . PLUS T  (32)
	E : E . MINUS T  (33)
	IDentsWithEmpty : E . SEPERATOR IDentsWithEmpty  (61)
	IDentsWithEmpty : E .  (64)

	MINUS  shift 80
	PLUS  shift 81
	SEPERATOR  shift 226
	END_PARAMETER_LIST  reduce 64


state 207
	Return : RETURN IDENTIFIER BEGIN_PARAMETER_LIST EmptyOrPara . END_PARAMETER_LIST SEMICOLON  (114)

	END_PARAMETER_LIST  shift 227
	.  error


state 208
	IDentsWithEmpty : Consts . SEPERATOR IDentsWithEmpty  (62)
	IDentsWithEmpty : Consts .  (65)

	SEPERATOR  shift 228
	END_PARAMETER_LIST  reduce 65


state 209
	EmptyOrPara : IDentsWithEmpty .  (67)

	.  reduce 67


state 210
	Assignment : ID ASSIGN ID BEGIN_PARAMETER_LIST EmptyOrPara . END_PARAMETER_LIST SEMICOLON  (47)

	END_PARAMETER_LIST  shift 229
	.  error


state 211
	Assignment : ID ASSIGN AddressID Array SEMICOLON .  (50)

	.  reduce 50


state 212
	Assignment : ID Array ASSIGN IndexedAssign SEMICOLON .  (49)

	.  reduce 49


state 213
	ArrayType : STRING BEGIN_STRING_INDEX INTEGER_CONST . END_STRING_INDEX  (27)

	END_STRING_INDEX  shift 230
	.  error


state 214
	Condition : CHAR_CONST CompOp ID Array .  (102)

	.  reduce 102


state 215
	If : IF BEGIN_PARAMETER_LIST ID END_PARAMETER_LIST START_BLOCK_OF_CODE Block . END_BLOCK_OF_CODE ELSE START_BLOCK_OF_CODE Block END_BLOCK_OF_CODE  (119)
	If : IF BEGIN_PARAMETER_LIST ID END_PARAMETER_LIST START_BLOCK_OF_CODE Block . END_BLOCK_OF_CODE  (121)

	END_BLOCK_OF_CODE  shift 231
	.  error


state 216
	Condition : ID Array CompOp CHAR_CONST .  (101)

	.  reduce 101


state 217
	F : ID .  (39)
	Condition : ID Array CompOp ID . Array  (98)

	BEGIN_STRING_INDEX  shift 53
	MINUS  reduce 39
	PLUS  reduce 39
	MUL  reduce 39
	DIVISION  reduce 39
	AND  reduce 39
	OR  reduce 39
	SEMICOLON  reduce 39
	END_PARAMETER_LIST  reduce 39

	Array  goto 232


state 218
	E : E . PLUS T  (32)
	E : E . MINUS T  (33)
	Condition : ID Array CompOp E .  (99)

	MINUS  shift 80
	PLUS  shift 81
	AND  reduce 99
	OR  reduce 99
	SEMICOLON  reduce 99
	END_PARAMETER_LIST  reduce 99


state 219
	Condition : ID Array CompOp ValueAddressID .  (95)

	.  reduce 95


state 220
	Condition : E CompOp ID Array .  (100)

	.  reduce 100


state 221
	Condition : ValueAddressID CompOp ID Array .  (92)

	.  reduce 92


state 222
	If : IF BEGIN_PARAMETER_LIST LogicOp END_PARAMETER_LIST START_BLOCK_OF_CODE Block . END_BLOCK_OF_CODE ELSE START_BLOCK_OF_CODE Block END_BLOCK_OF_CODE  (120)
	If : IF BEGIN_PARAMETER_LIST LogicOp END_PARAMETER_LIST START_BLOCK_OF_CODE Block . END_BLOCK_OF_CODE  (122)

	END_BLOCK_OF_CODE  shift 233
	.  error


state 223
	Loop : WHILE BEGIN_PARAMETER_LIST ID END_PARAMETER_LIST START_BLOCK_OF_CODE Block . END_BLOCK_OF_CODE  (117)

	END_BLOCK_OF_CODE  shift 234
	.  error


state 224
	Loop : WHILE BEGIN_PARAMETER_LIST LogicOp END_PARAMETER_LIST START_BLOCK_OF_CODE Block . END_BLOCK_OF_CODE  (118)

	END_BLOCK_OF_CODE  shift 235
	.  error


state 225
	IDentsWithEmpty : CONST_BOOLEAN SEPERATOR . IDentsWithEmpty  (63)

	CONST_BOOLEAN  shift 205
	VBAR  shift 31
	CHAR_CONST  shift 88
	BINARY  shift 32
	OCTAL  shift 33
	INTEGER_CONST  shift 34
	STRING_CONST  shift 89
	BEGIN_PARAMETER_LIST  shift 35
	IDENTIFIER  shift 5
	HEXADECIMAL  shift 36
	.  error

	ID  goto 37
	CONST_INT  goto 38
	E  goto 206
	T  goto 40
	F  goto 41
	Absolute  goto 42
	StringLenth  goto 43
	Consts  goto 208
	IDentsWithEmpty  goto 236


state 226
	IDentsWithEmpty : E SEPERATOR . IDentsWithEmpty  (61)

	CONST_BOOLEAN  shift 205
	VBAR  shift 31
	CHAR_CONST  shift 88
	BINARY  shift 32
	OCTAL  shift 33
	INTEGER_CONST  shift 34
	STRING_CONST  shift 89
	BEGIN_PARAMETER_LIST  shift 35
	IDENTIFIER  shift 5
	HEXADECIMAL  shift 36
	.  error

	ID  goto 37
	CONST_INT  goto 38
	E  goto 206
	T  goto 40
	F  goto 41
	Absolute  goto 42
	StringLenth  goto 43
	Consts  goto 208
	IDentsWithEmpty  goto 237


state 227
	Return : RETURN IDENTIFIER BEGIN_PARAMETER_LIST EmptyOrPara END_PARAMETER_LIST . SEMICOLON  (114)

	SEMICOLON  shift 238
	.  error


state 228
	IDentsWithEmpty : Consts SEPERATOR . IDentsWithEmpty  (62)

	CONST_BOOLEAN  shift 205
	VBAR  shift 31
	CHAR_CONST  shift 88
	BINARY  shift 32
	OCTAL  shift 33
	INTEGER_CONST  shift 34
	STRING_CONST  shift 89
	BEGIN_PARAMETER_LIST  shift 35
	IDENTIFIER  shift 5
	HEXADECIMAL  shift 36
	.  error

	ID  goto 37
	CONST_INT  goto 38
	E  goto 206
	T  goto 40
	F  goto 41
	Absolute  goto 42
	StringLenth  goto 43
	Consts  goto 208
	IDentsWithEmpty  goto 239


state 229
	Assignment : ID ASSIGN ID BEGIN_PARAMETER_LIST EmptyOrPara END_PARAMETER_LIST . SEMICOLON  (47)

	SEMICOLON  shift 240
	.  error


state 230
	ArrayType : STRING BEGIN_STRING_INDEX INTEGER_CONST END_STRING_INDEX .  (27)

	.  reduce 27


state 231
	If : IF BEGIN_PARAMETER_LIST ID END_PARAMETER_LIST START_BLOCK_OF_CODE Block END_BLOCK_OF_CODE . ELSE START_BLOCK_OF_CODE Block END_BLOCK_OF_CODE  (119)
	If : IF BEGIN_PARAMETER_LIST ID END_PARAMETER_LIST START_BLOCK_OF_CODE Block END_BLOCK_OF_CODE .  (121)

	ELSE  shift 241
	IF  reduce 121
	WHILE  reduce 121
	VAR  reduce 121
	VALUE_ADDRESS  reduce 121
	PROCEDURE  reduce 121
	RETURN  reduce 121
	START_BLOCK_OF_CODE  reduce 121
	END_BLOCK_OF_CODE  reduce 121
	IDENTIFIER  reduce 121


state 232
	Condition : ID Array CompOp ID Array .  (98)

	.  reduce 98


state 233
	If : IF BEGIN_PARAMETER_LIST LogicOp END_PARAMETER_LIST START_BLOCK_OF_CODE Block END_BLOCK_OF_CODE . ELSE START_BLOCK_OF_CODE Block END_BLOCK_OF_CODE  (120)
	If : IF BEGIN_PARAMETER_LIST LogicOp END_PARAMETER_LIST START_BLOCK_OF_CODE Block END_BLOCK_OF_CODE .  (122)

	ELSE  shift 242
	IF  reduce 122
	WHILE  reduce 122
	VAR  reduce 122
	VALUE_ADDRESS  reduce 122
	PROCEDURE  reduce 122
	RETURN  reduce 122
	START_BLOCK_OF_CODE  reduce 122
	END_BLOCK_OF_CODE  reduce 122
	IDENTIFIER  reduce 122


state 234
	Loop : WHILE BEGIN_PARAMETER_LIST ID END_PARAMETER_LIST START_BLOCK_OF_CODE Block END_BLOCK_OF_CODE .  (117)

	.  reduce 117


state 235
	Loop : WHILE BEGIN_PARAMETER_LIST LogicOp END_PARAMETER_LIST START_BLOCK_OF_CODE Block END_BLOCK_OF_CODE .  (118)

	.  reduce 118


state 236
	IDentsWithEmpty : CONST_BOOLEAN SEPERATOR IDentsWithEmpty .  (63)

	.  reduce 63


state 237
	IDentsWithEmpty : E SEPERATOR IDentsWithEmpty .  (61)

	.  reduce 61


state 238
	Return : RETURN IDENTIFIER BEGIN_PARAMETER_LIST EmptyOrPara END_PARAMETER_LIST SEMICOLON .  (114)

	.  reduce 114


state 239
	IDentsWithEmpty : Consts SEPERATOR IDentsWithEmpty .  (62)

	.  reduce 62


state 240
	Assignment : ID ASSIGN ID BEGIN_PARAMETER_LIST EmptyOrPara END_PARAMETER_LIST SEMICOLON .  (47)

	.  reduce 47


state 241
	If : IF BEGIN_PARAMETER_LIST ID END_PARAMETER_LIST START_BLOCK_OF_CODE Block END_BLOCK_OF_CODE ELSE . START_BLOCK_OF_CODE Block END_BLOCK_OF_CODE  (119)

	START_BLOCK_OF_CODE  shift 243
	.  error


state 242
	If : IF BEGIN_PARAMETER_LIST LogicOp END_PARAMETER_LIST START_BLOCK_OF_CODE Block END_BLOCK_OF_CODE ELSE . START_BLOCK_OF_CODE Block END_BLOCK_OF_CODE  (120)

	START_BLOCK_OF_CODE  shift 244
	.  error


state 243
	If : IF BEGIN_PARAMETER_LIST ID END_PARAMETER_LIST START_BLOCK_OF_CODE Block END_BLOCK_OF_CODE ELSE START_BLOCK_OF_CODE . Block END_BLOCK_OF_CODE  (119)
	Block : .  (12)

	IF  shift 12
	WHILE  shift 13
	VAR  shift 14
	VALUE_ADDRESS  shift 15
	PROCEDURE  shift 1
	START_BLOCK_OF_CODE  shift 16
	IDENTIFIER  shift 5
	END_BLOCK_OF_CODE  reduce 12

	Procedure  goto 17
	Block  goto 245
	Define  goto 19
	Assignment  goto 20
	Loop  goto 21
	If  goto 22
	ID  goto 23
	ValueAddressID  goto 24


state 244
	If : IF BEGIN_PARAMETER_LIST LogicOp END_PARAMETER_LIST START_BLOCK_OF_CODE Block END_BLOCK_OF_CODE ELSE START_BLOCK_OF_CODE . Block END_BLOCK_OF_CODE  (120)
	Block : .  (12)

	IF  shift 12
	WHILE  shift 13
	VAR  shift 14
	VALUE_ADDRESS  shift 15
	PROCEDURE  shift 1
	START_BLOCK_OF_CODE  shift 16
	IDENTIFIER  shift 5
	END_BLOCK_OF_CODE  reduce 12

	Procedure  goto 17
	Block  goto 246
	Define  goto 19
	Assignment  goto 20
	Loop  goto 21
	If  goto 22
	ID  goto 23
	ValueAddressID  goto 24


state 245
	If : IF BEGIN_PARAMETER_LIST ID END_PARAMETER_LIST START_BLOCK_OF_CODE Block END_BLOCK_OF_CODE ELSE START_BLOCK_OF_CODE Block . END_BLOCK_OF_CODE  (119)

	END_BLOCK_OF_CODE  shift 247
	.  error


state 246
	If : IF BEGIN_PARAMETER_LIST LogicOp END_PARAMETER_LIST START_BLOCK_OF_CODE Block END_BLOCK_OF_CODE ELSE START_BLOCK_OF_CODE Block . END_BLOCK_OF_CODE  (120)

	END_BLOCK_OF_CODE  shift 248
	.  error


state 247
	If : IF BEGIN_PARAMETER_LIST ID END_PARAMETER_LIST START_BLOCK_OF_CODE Block END_BLOCK_OF_CODE ELSE START_BLOCK_OF_CODE Block END_BLOCK_OF_CODE .  (119)

	.  reduce 119


state 248
	If : IF BEGIN_PARAMETER_LIST LogicOp END_PARAMETER_LIST START_BLOCK_OF_CODE Block END_BLOCK_OF_CODE ELSE START_BLOCK_OF_CODE Block END_BLOCK_OF_CODE .  (120)

	.  reduce 120


54 terminals, 38 nonterminals
124 grammar rules, 249 states
