   0  $accept : s $end

<<<<<<< HEAD
   1  s : statements

   2  expr : expr PLUS expr
   3       | expr MINUS expr
   4       | expr MULTI expr
   5       | expr DIVISION expr
   6       | expr EQUAL expr
   7       | expr GREATER expr
   8       | expr GREATEREQUAL expr
   9       | expr LESS expr
  10       | expr LESSEQUAL expr
  11       | expr NOTEQUAL expr
  12       | expr AND expr
  13       | expr OR expr
  14       | NOT expr
  15       | Pexpr
  16       | consts
  17       | ASSIGNMENT_statement

  18  Pexpr : LEFTPAREN expr rightParen

  19  rightParen : RIGHTPAREN

  20  block_statements : LEFTBRACE statements rightbrace

  21  rightbrace : RIGHTBRACE

  22  consts : id
  23         | numbers

  24  id : ID

  25  numbers : INTEGER_NEG
  26          | INTEGER_POS

  27  statements_type : statements
  28                  | block_statements

  29  statements : IF_statements
  30             | LOOP_statements
  31             | IN.OUT_statements
  32             | BOOLEAN_statements
  33             | expr SEMICOLON

  34  BOOLEAN_statements : BOOLTRUE
  35                     | BOOLFALSE

  36  IF_statements : IF expr statements_type
  37                | IF expr statements_type else

  38  else : ELSE statements_type

  39  LOOP_statements : WHILE expr block_statements
  40                  | FOR expr block_statements
  41                  | DO block_statements WHILE expr
  42                  | WHILE expr statements
=======
   1  s : newline

   2  newline : expr SEMICOLON newline
   3          | expr SEMICOLON
   4          | SEMICOLON

   5  expr : expr PLUS expr
   6       | expr MINUS expr
   7       | expr MULTI expr
   8       | expr DIVISION expr
   9       | expr EQUAL expr
  10       | expr GREATER expr
  11       | expr GREATEREQUAL expr
  12       | expr LESS expr
  13       | expr LESSEQUAL expr
  14       | expr NOTEQUAL expr
  15       | expr AND expr
  16       | expr OR expr
  17       | NOT expr
  18       | Pexpr
  19       | consts
  20       | ASSIGNMENT_statement

  21  Pexpr : LEFTPAREN expr rightParen

  22  rightParen : RIGHTPAREN

  23  block_statements : LEFTBRACE statements rightbrace

  24  rightbrace : RIGHTBRACE

  25  consts : id
  26         | numbers

  27  id : ID

  28  numbers : INTEGER_NEG
  29          | INTEGER_POS

  30  statements : IF_statements
  31             | LOOP_statements
  32             | IN.OUT_statements
  33             | BOOLEAN_statements
  34             | expr

  35  BOOLEAN_statements : BOOLTRUE
  36                     | BOOLFALSE

  37  IF_statements : IF expr block_statements else
  38                | IF expr block_statements

  39  else : ELSE block_statements

  40  LOOP_statements : WHILE expr block_statements
  41                  | FOR expr block_statements
  42                  | DO block_statements WHILE expr
>>>>>>> master

  43  IN.OUT_statements :

  44  ASSIGNMENT_statement : id ASSIGNMENT expr

state 0
	$accept : . s $end  (0)
<<<<<<< HEAD
	IN.OUT_statements : .  (43)

	ID  shift 1
	IF  shift 2
	WHILE  shift 3
	FOR  shift 4
	DO  shift 5
	BOOLTRUE  shift 6
	BOOLFALSE  shift 7
	INTEGER_POS  shift 8
	INTEGER_NEG  shift 9
	NOT  shift 10
	LEFTPAREN  shift 11
	$end  reduce 43

	s  goto 12
	statements  goto 13
	expr  goto 14
	Pexpr  goto 15
	consts  goto 16
	ASSIGNMENT_statement  goto 17
	id  goto 18
	numbers  goto 19
	IF_statements  goto 20
	LOOP_statements  goto 21
	IN.OUT_statements  goto 22
	BOOLEAN_statements  goto 23


state 1
	id : ID .  (24)

	.  reduce 24


state 2
	IF_statements : IF . expr statements_type  (36)
	IF_statements : IF . expr statements_type else  (37)

	ID  shift 1
	INTEGER_POS  shift 8
	INTEGER_NEG  shift 9
	NOT  shift 10
	LEFTPAREN  shift 11
	.  error
=======

	ID  shift 1
	INTEGER_POS  shift 2
	INTEGER_NEG  shift 3
	NOT  shift 4
	SEMICOLON  shift 5
	LEFTPAREN  shift 6
	.  error

	s  goto 7
	newline  goto 8
	expr  goto 9
	Pexpr  goto 10
	consts  goto 11
	ASSIGNMENT_statement  goto 12
	id  goto 13
	numbers  goto 14


state 1
	id : ID .  (27)

	.  reduce 27


state 2
	numbers : INTEGER_POS .  (29)
>>>>>>> master

	.  reduce 29


state 3
<<<<<<< HEAD
	LOOP_statements : WHILE . expr block_statements  (39)
	LOOP_statements : WHILE . expr statements  (42)

	ID  shift 1
	INTEGER_POS  shift 8
	INTEGER_NEG  shift 9
	NOT  shift 10
	LEFTPAREN  shift 11
	.  error
=======
	numbers : INTEGER_NEG .  (28)
>>>>>>> master

	.  reduce 28


state 4
<<<<<<< HEAD
	LOOP_statements : FOR . expr block_statements  (40)
=======
	expr : NOT . expr  (17)
>>>>>>> master

	ID  shift 1
	INTEGER_POS  shift 2
	INTEGER_NEG  shift 3
	NOT  shift 4
	LEFTPAREN  shift 6
	.  error

	expr  goto 15
	Pexpr  goto 10
	consts  goto 11
	ASSIGNMENT_statement  goto 12
	id  goto 13
	numbers  goto 14


state 5
<<<<<<< HEAD
	LOOP_statements : DO . block_statements WHILE expr  (41)

	LEFTBRACE  shift 27
	.  error
=======
	newline : SEMICOLON .  (4)
>>>>>>> master

	.  reduce 4


state 6
<<<<<<< HEAD
	BOOLEAN_statements : BOOLTRUE .  (34)

	.  reduce 34


state 7
	BOOLEAN_statements : BOOLFALSE .  (35)

	.  reduce 35


state 8
	numbers : INTEGER_POS .  (26)

	.  reduce 26


state 9
	numbers : INTEGER_NEG .  (25)

	.  reduce 25


state 10
	expr : NOT . expr  (14)

	ID  shift 1
	INTEGER_POS  shift 8
	INTEGER_NEG  shift 9
	NOT  shift 10
	LEFTPAREN  shift 11
	.  error
=======
	Pexpr : LEFTPAREN . expr rightParen  (21)

	ID  shift 1
	INTEGER_POS  shift 2
	INTEGER_NEG  shift 3
	NOT  shift 4
	LEFTPAREN  shift 6
	.  error

	expr  goto 16
	Pexpr  goto 10
	consts  goto 11
	ASSIGNMENT_statement  goto 12
	id  goto 13
	numbers  goto 14


state 7
	$accept : s . $end  (0)

	$end  accept


state 8
	s : newline .  (1)

	.  reduce 1


state 9
	newline : expr . SEMICOLON newline  (2)
	newline : expr . SEMICOLON  (3)
	expr : expr . PLUS expr  (5)
	expr : expr . MINUS expr  (6)
	expr : expr . MULTI expr  (7)
	expr : expr . DIVISION expr  (8)
	expr : expr . EQUAL expr  (9)
	expr : expr . GREATER expr  (10)
	expr : expr . GREATEREQUAL expr  (11)
	expr : expr . LESS expr  (12)
	expr : expr . LESSEQUAL expr  (13)
	expr : expr . NOTEQUAL expr  (14)
	expr : expr . AND expr  (15)
	expr : expr . OR expr  (16)

	AND  shift 17
	DIVISION  shift 18
	EQUAL  shift 19
	GREATER  shift 20
	GREATEREQUAL  shift 21
	LESS  shift 22
	LESSEQUAL  shift 23
	MINUS  shift 24
	NOTEQUAL  shift 25
	OR  shift 26
	PLUS  shift 27
	MULTI  shift 28
	SEMICOLON  shift 29
	.  error


state 10
	expr : Pexpr .  (18)
>>>>>>> master

	.  reduce 18


state 11
<<<<<<< HEAD
	Pexpr : LEFTPAREN . expr rightParen  (18)
=======
	expr : consts .  (19)
>>>>>>> master

	.  reduce 19


state 12
	expr : ASSIGNMENT_statement .  (20)

	.  reduce 20


state 13
	consts : id .  (25)
	ASSIGNMENT_statement : id . ASSIGNMENT expr  (44)

	ASSIGNMENT  shift 30
	AND  reduce 25
	DIVISION  reduce 25
	EQUAL  reduce 25
	GREATER  reduce 25
	GREATEREQUAL  reduce 25
	LESS  reduce 25
	LESSEQUAL  reduce 25
	MINUS  reduce 25
	NOTEQUAL  reduce 25
	OR  reduce 25
	PLUS  reduce 25
	MULTI  reduce 25
	SEMICOLON  reduce 25
	RIGHTPAREN  reduce 25


state 14
<<<<<<< HEAD
	expr : expr . PLUS expr  (2)
	expr : expr . MINUS expr  (3)
	expr : expr . MULTI expr  (4)
	expr : expr . DIVISION expr  (5)
	expr : expr . EQUAL expr  (6)
	expr : expr . GREATER expr  (7)
	expr : expr . GREATEREQUAL expr  (8)
	expr : expr . LESS expr  (9)
	expr : expr . LESSEQUAL expr  (10)
	expr : expr . NOTEQUAL expr  (11)
	expr : expr . AND expr  (12)
	expr : expr . OR expr  (13)
	statements : expr . SEMICOLON  (33)

	AND  shift 31
	DIVISION  shift 32
	EQUAL  shift 33
	GREATER  shift 34
	GREATEREQUAL  shift 35
	LESS  shift 36
	LESSEQUAL  shift 37
	MINUS  shift 38
	NOTEQUAL  shift 39
	OR  shift 40
	PLUS  shift 41
	MULTI  shift 42
	SEMICOLON  shift 43
	.  error
=======
	consts : numbers .  (26)
>>>>>>> master

	.  reduce 26

<<<<<<< HEAD
state 15
	expr : Pexpr .  (15)

	.  reduce 15


state 16
	expr : consts .  (16)

	.  reduce 16


state 17
	expr : ASSIGNMENT_statement .  (17)

	.  reduce 17


state 18
	consts : id .  (22)
	ASSIGNMENT_statement : id . ASSIGNMENT expr  (44)

	ASSIGNMENT  shift 44
	$end  reduce 22
	ID  reduce 22
	IF  reduce 22
	ELSE  reduce 22
	WHILE  reduce 22
	FOR  reduce 22
	DO  reduce 22
	BOOLTRUE  reduce 22
	BOOLFALSE  reduce 22
	INTEGER_POS  reduce 22
	INTEGER_NEG  reduce 22
	AND  reduce 22
	DIVISION  reduce 22
	EQUAL  reduce 22
	GREATER  reduce 22
	GREATEREQUAL  reduce 22
	LESS  reduce 22
	LESSEQUAL  reduce 22
	MINUS  reduce 22
	NOT  reduce 22
	NOTEQUAL  reduce 22
	OR  reduce 22
	PLUS  reduce 22
	MULTI  reduce 22
	SEMICOLON  reduce 22
	LEFTBRACE  reduce 22
	RIGHTBRACE  reduce 22
	LEFTPAREN  reduce 22
	RIGHTPAREN  reduce 22


state 19
	consts : numbers .  (23)

	.  reduce 23


state 20
	statements : IF_statements .  (29)

	.  reduce 29


state 21
	statements : LOOP_statements .  (30)

	.  reduce 30


state 22
	statements : IN.OUT_statements .  (31)

	.  reduce 31


state 23
	statements : BOOLEAN_statements .  (32)

	.  reduce 32


state 24
	expr : expr . PLUS expr  (2)
	expr : expr . MINUS expr  (3)
	expr : expr . MULTI expr  (4)
	expr : expr . DIVISION expr  (5)
	expr : expr . EQUAL expr  (6)
	expr : expr . GREATER expr  (7)
	expr : expr . GREATEREQUAL expr  (8)
	expr : expr . LESS expr  (9)
	expr : expr . LESSEQUAL expr  (10)
	expr : expr . NOTEQUAL expr  (11)
	expr : expr . AND expr  (12)
	expr : expr . OR expr  (13)
	IF_statements : IF expr . statements_type  (36)
	IF_statements : IF expr . statements_type else  (37)
	IN.OUT_statements : .  (43)

	ID  shift 1
	IF  shift 2
	WHILE  shift 3
	FOR  shift 4
	DO  shift 5
	BOOLTRUE  shift 6
	BOOLFALSE  shift 7
	INTEGER_POS  shift 8
	INTEGER_NEG  shift 9
	AND  shift 31
	DIVISION  shift 32
	EQUAL  shift 33
	GREATER  shift 34
	GREATEREQUAL  shift 35
	LESS  shift 36
	LESSEQUAL  shift 37
	MINUS  shift 38
	NOT  shift 10
	NOTEQUAL  shift 39
	OR  shift 40
	PLUS  shift 41
	MULTI  shift 42
	LEFTBRACE  shift 27
	LEFTPAREN  shift 11
	$end  reduce 43
	ELSE  reduce 43
	RIGHTBRACE  reduce 43

	statements  goto 45
	expr  goto 14
	Pexpr  goto 15
	consts  goto 16
	ASSIGNMENT_statement  goto 17
	block_statements  goto 46
	id  goto 18
	numbers  goto 19
	statements_type  goto 47
	IF_statements  goto 20
	LOOP_statements  goto 21
	IN.OUT_statements  goto 22
	BOOLEAN_statements  goto 23


state 25
	expr : expr . PLUS expr  (2)
	expr : expr . MINUS expr  (3)
	expr : expr . MULTI expr  (4)
	expr : expr . DIVISION expr  (5)
	expr : expr . EQUAL expr  (6)
	expr : expr . GREATER expr  (7)
	expr : expr . GREATEREQUAL expr  (8)
	expr : expr . LESS expr  (9)
	expr : expr . LESSEQUAL expr  (10)
	expr : expr . NOTEQUAL expr  (11)
	expr : expr . AND expr  (12)
	expr : expr . OR expr  (13)
	LOOP_statements : WHILE expr . block_statements  (39)
	LOOP_statements : WHILE expr . statements  (42)
	IN.OUT_statements : .  (43)

	ID  shift 1
	IF  shift 2
	WHILE  shift 3
	FOR  shift 4
	DO  shift 5
	BOOLTRUE  shift 6
	BOOLFALSE  shift 7
	INTEGER_POS  shift 8
	INTEGER_NEG  shift 9
	AND  shift 31
	DIVISION  shift 32
	EQUAL  shift 33
	GREATER  shift 34
	GREATEREQUAL  shift 35
	LESS  shift 36
	LESSEQUAL  shift 37
	MINUS  shift 38
	NOT  shift 10
	NOTEQUAL  shift 39
	OR  shift 40
	PLUS  shift 41
	MULTI  shift 42
	LEFTBRACE  shift 27
	LEFTPAREN  shift 11
	$end  reduce 43
	ELSE  reduce 43
	RIGHTBRACE  reduce 43

	statements  goto 48
	expr  goto 14
	Pexpr  goto 15
	consts  goto 16
	ASSIGNMENT_statement  goto 17
	block_statements  goto 49
	id  goto 18
	numbers  goto 19
	IF_statements  goto 20
	LOOP_statements  goto 21
	IN.OUT_statements  goto 22
	BOOLEAN_statements  goto 23


state 26
	expr : expr . PLUS expr  (2)
	expr : expr . MINUS expr  (3)
	expr : expr . MULTI expr  (4)
	expr : expr . DIVISION expr  (5)
	expr : expr . EQUAL expr  (6)
	expr : expr . GREATER expr  (7)
	expr : expr . GREATEREQUAL expr  (8)
	expr : expr . LESS expr  (9)
	expr : expr . LESSEQUAL expr  (10)
	expr : expr . NOTEQUAL expr  (11)
	expr : expr . AND expr  (12)
	expr : expr . OR expr  (13)
	LOOP_statements : FOR expr . block_statements  (40)

	AND  shift 31
	DIVISION  shift 32
	EQUAL  shift 33
	GREATER  shift 34
	GREATEREQUAL  shift 35
	LESS  shift 36
	LESSEQUAL  shift 37
	MINUS  shift 38
	NOTEQUAL  shift 39
	OR  shift 40
	PLUS  shift 41
	MULTI  shift 42
	LEFTBRACE  shift 27
	.  error

	block_statements  goto 50


state 27
	block_statements : LEFTBRACE . statements rightbrace  (20)
	IN.OUT_statements : .  (43)

	ID  shift 1
	IF  shift 2
	WHILE  shift 3
	FOR  shift 4
	DO  shift 5
	BOOLTRUE  shift 6
	BOOLFALSE  shift 7
	INTEGER_POS  shift 8
	INTEGER_NEG  shift 9
	NOT  shift 10
	LEFTPAREN  shift 11
	RIGHTBRACE  reduce 43

	statements  goto 51
	expr  goto 14
	Pexpr  goto 15
	consts  goto 16
	ASSIGNMENT_statement  goto 17
	id  goto 18
	numbers  goto 19
	IF_statements  goto 20
	LOOP_statements  goto 21
	IN.OUT_statements  goto 22
	BOOLEAN_statements  goto 23


state 28
	LOOP_statements : DO block_statements . WHILE expr  (41)

	WHILE  shift 52
	.  error


state 29
	expr : expr . PLUS expr  (2)
	expr : expr . MINUS expr  (3)
	expr : expr . MULTI expr  (4)
	expr : expr . DIVISION expr  (5)
	expr : expr . EQUAL expr  (6)
	expr : expr . GREATER expr  (7)
	expr : expr . GREATEREQUAL expr  (8)
	expr : expr . LESS expr  (9)
	expr : expr . LESSEQUAL expr  (10)
	expr : expr . NOTEQUAL expr  (11)
	expr : expr . AND expr  (12)
	expr : expr . OR expr  (13)
	expr : NOT expr .  (14)

	AND  shift 31
	DIVISION  shift 32
	EQUAL  shift 33
	GREATER  shift 34
	GREATEREQUAL  shift 35
	LESS  shift 36
	LESSEQUAL  shift 37
	MINUS  shift 38
	NOTEQUAL  shift 39
	OR  shift 40
	PLUS  shift 41
	MULTI  shift 42
	$end  reduce 14
	ID  reduce 14
	IF  reduce 14
	ELSE  reduce 14
	WHILE  reduce 14
	FOR  reduce 14
	DO  reduce 14
	BOOLTRUE  reduce 14
	BOOLFALSE  reduce 14
	INTEGER_POS  reduce 14
	INTEGER_NEG  reduce 14
	NOT  reduce 14
	SEMICOLON  reduce 14
	LEFTBRACE  reduce 14
	RIGHTBRACE  reduce 14
	LEFTPAREN  reduce 14
	RIGHTPAREN  reduce 14


state 30
	expr : expr . PLUS expr  (2)
	expr : expr . MINUS expr  (3)
	expr : expr . MULTI expr  (4)
	expr : expr . DIVISION expr  (5)
	expr : expr . EQUAL expr  (6)
	expr : expr . GREATER expr  (7)
	expr : expr . GREATEREQUAL expr  (8)
	expr : expr . LESS expr  (9)
	expr : expr . LESSEQUAL expr  (10)
	expr : expr . NOTEQUAL expr  (11)
	expr : expr . AND expr  (12)
	expr : expr . OR expr  (13)
	Pexpr : LEFTPAREN expr . rightParen  (18)

	AND  shift 31
	DIVISION  shift 32
	EQUAL  shift 33
	GREATER  shift 34
	GREATEREQUAL  shift 35
	LESS  shift 36
	LESSEQUAL  shift 37
	MINUS  shift 38
	NOTEQUAL  shift 39
	OR  shift 40
	PLUS  shift 41
	MULTI  shift 42
	RIGHTPAREN  shift 53
	.  error

	rightParen  goto 54
=======

state 15
	expr : expr . PLUS expr  (5)
	expr : expr . MINUS expr  (6)
	expr : expr . MULTI expr  (7)
	expr : expr . DIVISION expr  (8)
	expr : expr . EQUAL expr  (9)
	expr : expr . GREATER expr  (10)
	expr : expr . GREATEREQUAL expr  (11)
	expr : expr . LESS expr  (12)
	expr : expr . LESSEQUAL expr  (13)
	expr : expr . NOTEQUAL expr  (14)
	expr : expr . AND expr  (15)
	expr : expr . OR expr  (16)
	expr : NOT expr .  (17)

	AND  shift 17
	DIVISION  shift 18
	EQUAL  shift 19
	GREATER  shift 20
	GREATEREQUAL  shift 21
	LESS  shift 22
	LESSEQUAL  shift 23
	MINUS  shift 24
	NOTEQUAL  shift 25
	OR  shift 26
	PLUS  shift 27
	MULTI  shift 28
	SEMICOLON  reduce 17
	RIGHTPAREN  reduce 17


state 16
	expr : expr . PLUS expr  (5)
	expr : expr . MINUS expr  (6)
	expr : expr . MULTI expr  (7)
	expr : expr . DIVISION expr  (8)
	expr : expr . EQUAL expr  (9)
	expr : expr . GREATER expr  (10)
	expr : expr . GREATEREQUAL expr  (11)
	expr : expr . LESS expr  (12)
	expr : expr . LESSEQUAL expr  (13)
	expr : expr . NOTEQUAL expr  (14)
	expr : expr . AND expr  (15)
	expr : expr . OR expr  (16)
	Pexpr : LEFTPAREN expr . rightParen  (21)

	AND  shift 17
	DIVISION  shift 18
	EQUAL  shift 19
	GREATER  shift 20
	GREATEREQUAL  shift 21
	LESS  shift 22
	LESSEQUAL  shift 23
	MINUS  shift 24
	NOTEQUAL  shift 25
	OR  shift 26
	PLUS  shift 27
	MULTI  shift 28
	RIGHTPAREN  shift 31
	.  error

	rightParen  goto 32
>>>>>>> master


state 17
	expr : expr AND . expr  (15)

	ID  shift 1
	INTEGER_POS  shift 2
	INTEGER_NEG  shift 3
	NOT  shift 4
	LEFTPAREN  shift 6
	.  error

<<<<<<< HEAD
	expr  goto 55
	Pexpr  goto 15
	consts  goto 16
	ASSIGNMENT_statement  goto 17
	id  goto 18
	numbers  goto 19
=======
	expr  goto 33
	Pexpr  goto 10
	consts  goto 11
	ASSIGNMENT_statement  goto 12
	id  goto 13
	numbers  goto 14
>>>>>>> master


state 18
	expr : expr DIVISION . expr  (8)

	ID  shift 1
	INTEGER_POS  shift 2
	INTEGER_NEG  shift 3
	NOT  shift 4
	LEFTPAREN  shift 6
	.  error

<<<<<<< HEAD
	expr  goto 56
	Pexpr  goto 15
	consts  goto 16
	ASSIGNMENT_statement  goto 17
	id  goto 18
	numbers  goto 19
=======
	expr  goto 34
	Pexpr  goto 10
	consts  goto 11
	ASSIGNMENT_statement  goto 12
	id  goto 13
	numbers  goto 14
>>>>>>> master


state 19
	expr : expr EQUAL . expr  (9)

	ID  shift 1
	INTEGER_POS  shift 2
	INTEGER_NEG  shift 3
	NOT  shift 4
	LEFTPAREN  shift 6
	.  error

<<<<<<< HEAD
	expr  goto 57
	Pexpr  goto 15
	consts  goto 16
	ASSIGNMENT_statement  goto 17
	id  goto 18
	numbers  goto 19
=======
	expr  goto 35
	Pexpr  goto 10
	consts  goto 11
	ASSIGNMENT_statement  goto 12
	id  goto 13
	numbers  goto 14
>>>>>>> master


state 20
	expr : expr GREATER . expr  (10)

	ID  shift 1
	INTEGER_POS  shift 2
	INTEGER_NEG  shift 3
	NOT  shift 4
	LEFTPAREN  shift 6
	.  error

<<<<<<< HEAD
	expr  goto 58
	Pexpr  goto 15
	consts  goto 16
	ASSIGNMENT_statement  goto 17
	id  goto 18
	numbers  goto 19
=======
	expr  goto 36
	Pexpr  goto 10
	consts  goto 11
	ASSIGNMENT_statement  goto 12
	id  goto 13
	numbers  goto 14
>>>>>>> master


state 21
	expr : expr GREATEREQUAL . expr  (11)

	ID  shift 1
	INTEGER_POS  shift 2
	INTEGER_NEG  shift 3
	NOT  shift 4
	LEFTPAREN  shift 6
	.  error

<<<<<<< HEAD
	expr  goto 59
	Pexpr  goto 15
	consts  goto 16
	ASSIGNMENT_statement  goto 17
	id  goto 18
	numbers  goto 19
=======
	expr  goto 37
	Pexpr  goto 10
	consts  goto 11
	ASSIGNMENT_statement  goto 12
	id  goto 13
	numbers  goto 14
>>>>>>> master


state 22
	expr : expr LESS . expr  (12)

	ID  shift 1
	INTEGER_POS  shift 2
	INTEGER_NEG  shift 3
	NOT  shift 4
	LEFTPAREN  shift 6
	.  error

<<<<<<< HEAD
	expr  goto 60
	Pexpr  goto 15
	consts  goto 16
	ASSIGNMENT_statement  goto 17
	id  goto 18
	numbers  goto 19
=======
	expr  goto 38
	Pexpr  goto 10
	consts  goto 11
	ASSIGNMENT_statement  goto 12
	id  goto 13
	numbers  goto 14
>>>>>>> master


state 23
	expr : expr LESSEQUAL . expr  (13)

	ID  shift 1
	INTEGER_POS  shift 2
	INTEGER_NEG  shift 3
	NOT  shift 4
	LEFTPAREN  shift 6
	.  error

<<<<<<< HEAD
	expr  goto 61
	Pexpr  goto 15
	consts  goto 16
	ASSIGNMENT_statement  goto 17
	id  goto 18
	numbers  goto 19
=======
	expr  goto 39
	Pexpr  goto 10
	consts  goto 11
	ASSIGNMENT_statement  goto 12
	id  goto 13
	numbers  goto 14
>>>>>>> master


state 24
	expr : expr MINUS . expr  (6)

	ID  shift 1
	INTEGER_POS  shift 2
	INTEGER_NEG  shift 3
	NOT  shift 4
	LEFTPAREN  shift 6
	.  error

<<<<<<< HEAD
	expr  goto 62
	Pexpr  goto 15
	consts  goto 16
	ASSIGNMENT_statement  goto 17
	id  goto 18
	numbers  goto 19
=======
	expr  goto 40
	Pexpr  goto 10
	consts  goto 11
	ASSIGNMENT_statement  goto 12
	id  goto 13
	numbers  goto 14
>>>>>>> master


state 25
	expr : expr NOTEQUAL . expr  (14)

	ID  shift 1
	INTEGER_POS  shift 2
	INTEGER_NEG  shift 3
	NOT  shift 4
	LEFTPAREN  shift 6
	.  error

<<<<<<< HEAD
	expr  goto 63
	Pexpr  goto 15
	consts  goto 16
	ASSIGNMENT_statement  goto 17
	id  goto 18
	numbers  goto 19
=======
	expr  goto 41
	Pexpr  goto 10
	consts  goto 11
	ASSIGNMENT_statement  goto 12
	id  goto 13
	numbers  goto 14
>>>>>>> master


state 26
	expr : expr OR . expr  (16)

	ID  shift 1
	INTEGER_POS  shift 2
	INTEGER_NEG  shift 3
	NOT  shift 4
	LEFTPAREN  shift 6
	.  error

<<<<<<< HEAD
	expr  goto 64
	Pexpr  goto 15
	consts  goto 16
	ASSIGNMENT_statement  goto 17
	id  goto 18
	numbers  goto 19
=======
	expr  goto 42
	Pexpr  goto 10
	consts  goto 11
	ASSIGNMENT_statement  goto 12
	id  goto 13
	numbers  goto 14
>>>>>>> master


state 27
	expr : expr PLUS . expr  (5)

	ID  shift 1
	INTEGER_POS  shift 2
	INTEGER_NEG  shift 3
	NOT  shift 4
	LEFTPAREN  shift 6
	.  error

<<<<<<< HEAD
	expr  goto 65
	Pexpr  goto 15
	consts  goto 16
	ASSIGNMENT_statement  goto 17
	id  goto 18
	numbers  goto 19
=======
	expr  goto 43
	Pexpr  goto 10
	consts  goto 11
	ASSIGNMENT_statement  goto 12
	id  goto 13
	numbers  goto 14
>>>>>>> master


state 28
	expr : expr MULTI . expr  (7)

	ID  shift 1
	INTEGER_POS  shift 2
	INTEGER_NEG  shift 3
	NOT  shift 4
	LEFTPAREN  shift 6
	.  error

<<<<<<< HEAD
	expr  goto 66
	Pexpr  goto 15
	consts  goto 16
	ASSIGNMENT_statement  goto 17
	id  goto 18
	numbers  goto 19


state 43
	statements : expr SEMICOLON .  (33)

	.  reduce 33


state 44
	ASSIGNMENT_statement : id ASSIGNMENT . expr  (44)

	ID  shift 1
	INTEGER_POS  shift 8
	INTEGER_NEG  shift 9
	NOT  shift 10
	LEFTPAREN  shift 11
	.  error

	expr  goto 67
	Pexpr  goto 15
	consts  goto 16
	ASSIGNMENT_statement  goto 17
	id  goto 18
	numbers  goto 19


state 45
	statements_type : statements .  (27)

	.  reduce 27


state 46
	statements_type : block_statements .  (28)

	.  reduce 28


state 47
	IF_statements : IF expr statements_type .  (36)
	IF_statements : IF expr statements_type . else  (37)

	ELSE  shift 68
	$end  reduce 36
	RIGHTBRACE  reduce 36

	else  goto 69


state 48
	LOOP_statements : WHILE expr statements .  (42)

	.  reduce 42


state 49
	LOOP_statements : WHILE expr block_statements .  (39)

	.  reduce 39


state 50
	LOOP_statements : FOR expr block_statements .  (40)

	.  reduce 40


state 51
	block_statements : LEFTBRACE statements . rightbrace  (20)

	RIGHTBRACE  shift 70
	.  error

	rightbrace  goto 71


state 52
	LOOP_statements : DO block_statements WHILE . expr  (41)
=======
	expr  goto 44
	Pexpr  goto 10
	consts  goto 11
	ASSIGNMENT_statement  goto 12
	id  goto 13
	numbers  goto 14


state 29
	newline : expr SEMICOLON . newline  (2)
	newline : expr SEMICOLON .  (3)

	ID  shift 1
	INTEGER_POS  shift 2
	INTEGER_NEG  shift 3
	NOT  shift 4
	SEMICOLON  shift 5
	LEFTPAREN  shift 6
	$end  reduce 3

	newline  goto 45
	expr  goto 9
	Pexpr  goto 10
	consts  goto 11
	ASSIGNMENT_statement  goto 12
	id  goto 13
	numbers  goto 14


state 30
	ASSIGNMENT_statement : id ASSIGNMENT . expr  (44)
>>>>>>> master

	ID  shift 1
	INTEGER_POS  shift 2
	INTEGER_NEG  shift 3
	NOT  shift 4
	LEFTPAREN  shift 6
	.  error

<<<<<<< HEAD
	expr  goto 72
	Pexpr  goto 15
	consts  goto 16
	ASSIGNMENT_statement  goto 17
	id  goto 18
	numbers  goto 19


state 53
	rightParen : RIGHTPAREN .  (19)

	.  reduce 19


state 54
	Pexpr : LEFTPAREN expr rightParen .  (18)

	.  reduce 18


state 55
	expr : expr . PLUS expr  (2)
	expr : expr . MINUS expr  (3)
	expr : expr . MULTI expr  (4)
	expr : expr . DIVISION expr  (5)
	expr : expr . EQUAL expr  (6)
	expr : expr . GREATER expr  (7)
	expr : expr . GREATEREQUAL expr  (8)
	expr : expr . LESS expr  (9)
	expr : expr . LESSEQUAL expr  (10)
	expr : expr . NOTEQUAL expr  (11)
	expr : expr . AND expr  (12)
	expr : expr AND expr .  (12)
	expr : expr . OR expr  (13)

	DIVISION  shift 32
	MULTI  shift 42
	$end  reduce 12
	ID  reduce 12
	IF  reduce 12
	ELSE  reduce 12
	WHILE  reduce 12
	FOR  reduce 12
	DO  reduce 12
	BOOLTRUE  reduce 12
	BOOLFALSE  reduce 12
	INTEGER_POS  reduce 12
	INTEGER_NEG  reduce 12
	AND  reduce 12
	EQUAL  reduce 12
	GREATER  reduce 12
	GREATEREQUAL  reduce 12
	LESS  reduce 12
	LESSEQUAL  reduce 12
	MINUS  reduce 12
	NOT  reduce 12
	NOTEQUAL  reduce 12
	OR  reduce 12
	PLUS  reduce 12
	SEMICOLON  reduce 12
	LEFTBRACE  reduce 12
	RIGHTBRACE  reduce 12
	LEFTPAREN  reduce 12
	RIGHTPAREN  reduce 12


state 56
	expr : expr . PLUS expr  (2)
	expr : expr . MINUS expr  (3)
	expr : expr . MULTI expr  (4)
	expr : expr . DIVISION expr  (5)
	expr : expr DIVISION expr .  (5)
	expr : expr . EQUAL expr  (6)
	expr : expr . GREATER expr  (7)
	expr : expr . GREATEREQUAL expr  (8)
	expr : expr . LESS expr  (9)
	expr : expr . LESSEQUAL expr  (10)
	expr : expr . NOTEQUAL expr  (11)
	expr : expr . AND expr  (12)
	expr : expr . OR expr  (13)

	.  reduce 5


state 57
	expr : expr . PLUS expr  (2)
	expr : expr . MINUS expr  (3)
	expr : expr . MULTI expr  (4)
	expr : expr . DIVISION expr  (5)
	expr : expr . EQUAL expr  (6)
	expr : expr EQUAL expr .  (6)
	expr : expr . GREATER expr  (7)
	expr : expr . GREATEREQUAL expr  (8)
	expr : expr . LESS expr  (9)
	expr : expr . LESSEQUAL expr  (10)
	expr : expr . NOTEQUAL expr  (11)
	expr : expr . AND expr  (12)
	expr : expr . OR expr  (13)

	AND  shift 31
	DIVISION  shift 32
	MINUS  shift 38
	OR  shift 40
	PLUS  shift 41
	MULTI  shift 42
	$end  reduce 6
	ID  reduce 6
	IF  reduce 6
	ELSE  reduce 6
	WHILE  reduce 6
	FOR  reduce 6
	DO  reduce 6
	BOOLTRUE  reduce 6
	BOOLFALSE  reduce 6
	INTEGER_POS  reduce 6
	INTEGER_NEG  reduce 6
	EQUAL  reduce 6
	GREATER  reduce 6
	GREATEREQUAL  reduce 6
	LESS  reduce 6
	LESSEQUAL  reduce 6
	NOT  reduce 6
	NOTEQUAL  reduce 6
	SEMICOLON  reduce 6
	LEFTBRACE  reduce 6
	RIGHTBRACE  reduce 6
	LEFTPAREN  reduce 6
	RIGHTPAREN  reduce 6


state 58
	expr : expr . PLUS expr  (2)
	expr : expr . MINUS expr  (3)
	expr : expr . MULTI expr  (4)
	expr : expr . DIVISION expr  (5)
	expr : expr . EQUAL expr  (6)
	expr : expr . GREATER expr  (7)
	expr : expr GREATER expr .  (7)
	expr : expr . GREATEREQUAL expr  (8)
	expr : expr . LESS expr  (9)
	expr : expr . LESSEQUAL expr  (10)
	expr : expr . NOTEQUAL expr  (11)
	expr : expr . AND expr  (12)
	expr : expr . OR expr  (13)

	AND  shift 31
	DIVISION  shift 32
	MINUS  shift 38
	OR  shift 40
	PLUS  shift 41
	MULTI  shift 42
	$end  reduce 7
	ID  reduce 7
	IF  reduce 7
	ELSE  reduce 7
	WHILE  reduce 7
	FOR  reduce 7
	DO  reduce 7
	BOOLTRUE  reduce 7
	BOOLFALSE  reduce 7
	INTEGER_POS  reduce 7
	INTEGER_NEG  reduce 7
	EQUAL  reduce 7
	GREATER  reduce 7
	GREATEREQUAL  reduce 7
	LESS  reduce 7
	LESSEQUAL  reduce 7
	NOT  reduce 7
	NOTEQUAL  reduce 7
	SEMICOLON  reduce 7
	LEFTBRACE  reduce 7
	RIGHTBRACE  reduce 7
	LEFTPAREN  reduce 7
	RIGHTPAREN  reduce 7


state 59
	expr : expr . PLUS expr  (2)
	expr : expr . MINUS expr  (3)
	expr : expr . MULTI expr  (4)
	expr : expr . DIVISION expr  (5)
	expr : expr . EQUAL expr  (6)
	expr : expr . GREATER expr  (7)
	expr : expr . GREATEREQUAL expr  (8)
	expr : expr GREATEREQUAL expr .  (8)
	expr : expr . LESS expr  (9)
	expr : expr . LESSEQUAL expr  (10)
	expr : expr . NOTEQUAL expr  (11)
	expr : expr . AND expr  (12)
	expr : expr . OR expr  (13)

	AND  shift 31
	DIVISION  shift 32
	MINUS  shift 38
	OR  shift 40
	PLUS  shift 41
	MULTI  shift 42
	$end  reduce 8
	ID  reduce 8
	IF  reduce 8
	ELSE  reduce 8
	WHILE  reduce 8
	FOR  reduce 8
	DO  reduce 8
	BOOLTRUE  reduce 8
	BOOLFALSE  reduce 8
	INTEGER_POS  reduce 8
	INTEGER_NEG  reduce 8
	EQUAL  reduce 8
	GREATER  reduce 8
	GREATEREQUAL  reduce 8
	LESS  reduce 8
	LESSEQUAL  reduce 8
	NOT  reduce 8
	NOTEQUAL  reduce 8
	SEMICOLON  reduce 8
	LEFTBRACE  reduce 8
	RIGHTBRACE  reduce 8
	LEFTPAREN  reduce 8
	RIGHTPAREN  reduce 8


state 60
	expr : expr . PLUS expr  (2)
	expr : expr . MINUS expr  (3)
	expr : expr . MULTI expr  (4)
	expr : expr . DIVISION expr  (5)
	expr : expr . EQUAL expr  (6)
	expr : expr . GREATER expr  (7)
	expr : expr . GREATEREQUAL expr  (8)
	expr : expr . LESS expr  (9)
	expr : expr LESS expr .  (9)
	expr : expr . LESSEQUAL expr  (10)
	expr : expr . NOTEQUAL expr  (11)
	expr : expr . AND expr  (12)
	expr : expr . OR expr  (13)

	AND  shift 31
	DIVISION  shift 32
	MINUS  shift 38
	OR  shift 40
	PLUS  shift 41
	MULTI  shift 42
	$end  reduce 9
	ID  reduce 9
	IF  reduce 9
	ELSE  reduce 9
	WHILE  reduce 9
	FOR  reduce 9
	DO  reduce 9
	BOOLTRUE  reduce 9
	BOOLFALSE  reduce 9
	INTEGER_POS  reduce 9
	INTEGER_NEG  reduce 9
=======
	expr  goto 46
	Pexpr  goto 10
	consts  goto 11
	ASSIGNMENT_statement  goto 12
	id  goto 13
	numbers  goto 14


state 31
	rightParen : RIGHTPAREN .  (22)

	.  reduce 22


state 32
	Pexpr : LEFTPAREN expr rightParen .  (21)

	.  reduce 21


state 33
	expr : expr . PLUS expr  (5)
	expr : expr . MINUS expr  (6)
	expr : expr . MULTI expr  (7)
	expr : expr . DIVISION expr  (8)
	expr : expr . EQUAL expr  (9)
	expr : expr . GREATER expr  (10)
	expr : expr . GREATEREQUAL expr  (11)
	expr : expr . LESS expr  (12)
	expr : expr . LESSEQUAL expr  (13)
	expr : expr . NOTEQUAL expr  (14)
	expr : expr . AND expr  (15)
	expr : expr AND expr .  (15)
	expr : expr . OR expr  (16)

	DIVISION  shift 18
	MULTI  shift 28
	AND  reduce 15
	EQUAL  reduce 15
	GREATER  reduce 15
	GREATEREQUAL  reduce 15
	LESS  reduce 15
	LESSEQUAL  reduce 15
	MINUS  reduce 15
	NOTEQUAL  reduce 15
	OR  reduce 15
	PLUS  reduce 15
	SEMICOLON  reduce 15
	RIGHTPAREN  reduce 15


state 34
	expr : expr . PLUS expr  (5)
	expr : expr . MINUS expr  (6)
	expr : expr . MULTI expr  (7)
	expr : expr . DIVISION expr  (8)
	expr : expr DIVISION expr .  (8)
	expr : expr . EQUAL expr  (9)
	expr : expr . GREATER expr  (10)
	expr : expr . GREATEREQUAL expr  (11)
	expr : expr . LESS expr  (12)
	expr : expr . LESSEQUAL expr  (13)
	expr : expr . NOTEQUAL expr  (14)
	expr : expr . AND expr  (15)
	expr : expr . OR expr  (16)

	.  reduce 8


state 35
	expr : expr . PLUS expr  (5)
	expr : expr . MINUS expr  (6)
	expr : expr . MULTI expr  (7)
	expr : expr . DIVISION expr  (8)
	expr : expr . EQUAL expr  (9)
	expr : expr EQUAL expr .  (9)
	expr : expr . GREATER expr  (10)
	expr : expr . GREATEREQUAL expr  (11)
	expr : expr . LESS expr  (12)
	expr : expr . LESSEQUAL expr  (13)
	expr : expr . NOTEQUAL expr  (14)
	expr : expr . AND expr  (15)
	expr : expr . OR expr  (16)

	AND  shift 17
	DIVISION  shift 18
	MINUS  shift 24
	OR  shift 26
	PLUS  shift 27
	MULTI  shift 28
>>>>>>> master
	EQUAL  reduce 9
	GREATER  reduce 9
	GREATEREQUAL  reduce 9
	LESS  reduce 9
	LESSEQUAL  reduce 9
	NOT  reduce 9
	NOTEQUAL  reduce 9
	SEMICOLON  reduce 9
<<<<<<< HEAD
	LEFTBRACE  reduce 9
	RIGHTBRACE  reduce 9
	LEFTPAREN  reduce 9
	RIGHTPAREN  reduce 9


state 61
	expr : expr . PLUS expr  (2)
	expr : expr . MINUS expr  (3)
	expr : expr . MULTI expr  (4)
	expr : expr . DIVISION expr  (5)
	expr : expr . EQUAL expr  (6)
	expr : expr . GREATER expr  (7)
	expr : expr . GREATEREQUAL expr  (8)
	expr : expr . LESS expr  (9)
	expr : expr . LESSEQUAL expr  (10)
	expr : expr LESSEQUAL expr .  (10)
	expr : expr . NOTEQUAL expr  (11)
	expr : expr . AND expr  (12)
	expr : expr . OR expr  (13)

	AND  shift 31
	DIVISION  shift 32
	MINUS  shift 38
	OR  shift 40
	PLUS  shift 41
	MULTI  shift 42
	$end  reduce 10
	ID  reduce 10
	IF  reduce 10
	ELSE  reduce 10
	WHILE  reduce 10
	FOR  reduce 10
	DO  reduce 10
	BOOLTRUE  reduce 10
	BOOLFALSE  reduce 10
	INTEGER_POS  reduce 10
	INTEGER_NEG  reduce 10
=======
	RIGHTPAREN  reduce 9


state 36
	expr : expr . PLUS expr  (5)
	expr : expr . MINUS expr  (6)
	expr : expr . MULTI expr  (7)
	expr : expr . DIVISION expr  (8)
	expr : expr . EQUAL expr  (9)
	expr : expr . GREATER expr  (10)
	expr : expr GREATER expr .  (10)
	expr : expr . GREATEREQUAL expr  (11)
	expr : expr . LESS expr  (12)
	expr : expr . LESSEQUAL expr  (13)
	expr : expr . NOTEQUAL expr  (14)
	expr : expr . AND expr  (15)
	expr : expr . OR expr  (16)

	AND  shift 17
	DIVISION  shift 18
	MINUS  shift 24
	OR  shift 26
	PLUS  shift 27
	MULTI  shift 28
>>>>>>> master
	EQUAL  reduce 10
	GREATER  reduce 10
	GREATEREQUAL  reduce 10
	LESS  reduce 10
	LESSEQUAL  reduce 10
	NOT  reduce 10
	NOTEQUAL  reduce 10
	SEMICOLON  reduce 10
<<<<<<< HEAD
	LEFTBRACE  reduce 10
	RIGHTBRACE  reduce 10
	LEFTPAREN  reduce 10
	RIGHTPAREN  reduce 10


state 62
	expr : expr . PLUS expr  (2)
	expr : expr . MINUS expr  (3)
	expr : expr MINUS expr .  (3)
	expr : expr . MULTI expr  (4)
	expr : expr . DIVISION expr  (5)
	expr : expr . EQUAL expr  (6)
	expr : expr . GREATER expr  (7)
	expr : expr . GREATEREQUAL expr  (8)
	expr : expr . LESS expr  (9)
	expr : expr . LESSEQUAL expr  (10)
	expr : expr . NOTEQUAL expr  (11)
	expr : expr . AND expr  (12)
	expr : expr . OR expr  (13)

	DIVISION  shift 32
	MULTI  shift 42
	$end  reduce 3
	ID  reduce 3
	IF  reduce 3
	ELSE  reduce 3
	WHILE  reduce 3
	FOR  reduce 3
	DO  reduce 3
	BOOLTRUE  reduce 3
	BOOLFALSE  reduce 3
	INTEGER_POS  reduce 3
	INTEGER_NEG  reduce 3
	AND  reduce 3
	EQUAL  reduce 3
	GREATER  reduce 3
	GREATEREQUAL  reduce 3
	LESS  reduce 3
	LESSEQUAL  reduce 3
	MINUS  reduce 3
	NOT  reduce 3
	NOTEQUAL  reduce 3
	OR  reduce 3
	PLUS  reduce 3
	SEMICOLON  reduce 3
	LEFTBRACE  reduce 3
	RIGHTBRACE  reduce 3
	LEFTPAREN  reduce 3
	RIGHTPAREN  reduce 3


state 63
	expr : expr . PLUS expr  (2)
	expr : expr . MINUS expr  (3)
	expr : expr . MULTI expr  (4)
	expr : expr . DIVISION expr  (5)
	expr : expr . EQUAL expr  (6)
	expr : expr . GREATER expr  (7)
	expr : expr . GREATEREQUAL expr  (8)
	expr : expr . LESS expr  (9)
	expr : expr . LESSEQUAL expr  (10)
	expr : expr . NOTEQUAL expr  (11)
	expr : expr NOTEQUAL expr .  (11)
	expr : expr . AND expr  (12)
	expr : expr . OR expr  (13)

	AND  shift 31
	DIVISION  shift 32
	MINUS  shift 38
	OR  shift 40
	PLUS  shift 41
	MULTI  shift 42
	$end  reduce 11
	ID  reduce 11
	IF  reduce 11
	ELSE  reduce 11
	WHILE  reduce 11
	FOR  reduce 11
	DO  reduce 11
	BOOLTRUE  reduce 11
	BOOLFALSE  reduce 11
	INTEGER_POS  reduce 11
	INTEGER_NEG  reduce 11
=======
	RIGHTPAREN  reduce 10


state 37
	expr : expr . PLUS expr  (5)
	expr : expr . MINUS expr  (6)
	expr : expr . MULTI expr  (7)
	expr : expr . DIVISION expr  (8)
	expr : expr . EQUAL expr  (9)
	expr : expr . GREATER expr  (10)
	expr : expr . GREATEREQUAL expr  (11)
	expr : expr GREATEREQUAL expr .  (11)
	expr : expr . LESS expr  (12)
	expr : expr . LESSEQUAL expr  (13)
	expr : expr . NOTEQUAL expr  (14)
	expr : expr . AND expr  (15)
	expr : expr . OR expr  (16)

	AND  shift 17
	DIVISION  shift 18
	MINUS  shift 24
	OR  shift 26
	PLUS  shift 27
	MULTI  shift 28
>>>>>>> master
	EQUAL  reduce 11
	GREATER  reduce 11
	GREATEREQUAL  reduce 11
	LESS  reduce 11
	LESSEQUAL  reduce 11
	NOT  reduce 11
	NOTEQUAL  reduce 11
	SEMICOLON  reduce 11
<<<<<<< HEAD
	LEFTBRACE  reduce 11
	RIGHTBRACE  reduce 11
	LEFTPAREN  reduce 11
	RIGHTPAREN  reduce 11


state 64
	expr : expr . PLUS expr  (2)
	expr : expr . MINUS expr  (3)
	expr : expr . MULTI expr  (4)
	expr : expr . DIVISION expr  (5)
	expr : expr . EQUAL expr  (6)
	expr : expr . GREATER expr  (7)
	expr : expr . GREATEREQUAL expr  (8)
	expr : expr . LESS expr  (9)
	expr : expr . LESSEQUAL expr  (10)
	expr : expr . NOTEQUAL expr  (11)
	expr : expr . AND expr  (12)
	expr : expr . OR expr  (13)
	expr : expr OR expr .  (13)

	DIVISION  shift 32
	MULTI  shift 42
	$end  reduce 13
	ID  reduce 13
	IF  reduce 13
	ELSE  reduce 13
	WHILE  reduce 13
	FOR  reduce 13
	DO  reduce 13
	BOOLTRUE  reduce 13
	BOOLFALSE  reduce 13
	INTEGER_POS  reduce 13
	INTEGER_NEG  reduce 13
	AND  reduce 13
=======
	RIGHTPAREN  reduce 11


state 38
	expr : expr . PLUS expr  (5)
	expr : expr . MINUS expr  (6)
	expr : expr . MULTI expr  (7)
	expr : expr . DIVISION expr  (8)
	expr : expr . EQUAL expr  (9)
	expr : expr . GREATER expr  (10)
	expr : expr . GREATEREQUAL expr  (11)
	expr : expr . LESS expr  (12)
	expr : expr LESS expr .  (12)
	expr : expr . LESSEQUAL expr  (13)
	expr : expr . NOTEQUAL expr  (14)
	expr : expr . AND expr  (15)
	expr : expr . OR expr  (16)

	AND  shift 17
	DIVISION  shift 18
	MINUS  shift 24
	OR  shift 26
	PLUS  shift 27
	MULTI  shift 28
	EQUAL  reduce 12
	GREATER  reduce 12
	GREATEREQUAL  reduce 12
	LESS  reduce 12
	LESSEQUAL  reduce 12
	NOTEQUAL  reduce 12
	SEMICOLON  reduce 12
	RIGHTPAREN  reduce 12


state 39
	expr : expr . PLUS expr  (5)
	expr : expr . MINUS expr  (6)
	expr : expr . MULTI expr  (7)
	expr : expr . DIVISION expr  (8)
	expr : expr . EQUAL expr  (9)
	expr : expr . GREATER expr  (10)
	expr : expr . GREATEREQUAL expr  (11)
	expr : expr . LESS expr  (12)
	expr : expr . LESSEQUAL expr  (13)
	expr : expr LESSEQUAL expr .  (13)
	expr : expr . NOTEQUAL expr  (14)
	expr : expr . AND expr  (15)
	expr : expr . OR expr  (16)

	AND  shift 17
	DIVISION  shift 18
	MINUS  shift 24
	OR  shift 26
	PLUS  shift 27
	MULTI  shift 28
>>>>>>> master
	EQUAL  reduce 13
	GREATER  reduce 13
	GREATEREQUAL  reduce 13
	LESS  reduce 13
	LESSEQUAL  reduce 13
<<<<<<< HEAD
	MINUS  reduce 13
	NOT  reduce 13
	NOTEQUAL  reduce 13
	OR  reduce 13
	PLUS  reduce 13
	SEMICOLON  reduce 13
	LEFTBRACE  reduce 13
	RIGHTBRACE  reduce 13
	LEFTPAREN  reduce 13
	RIGHTPAREN  reduce 13


state 65
	expr : expr . PLUS expr  (2)
	expr : expr PLUS expr .  (2)
	expr : expr . MINUS expr  (3)
	expr : expr . MULTI expr  (4)
	expr : expr . DIVISION expr  (5)
	expr : expr . EQUAL expr  (6)
	expr : expr . GREATER expr  (7)
	expr : expr . GREATEREQUAL expr  (8)
	expr : expr . LESS expr  (9)
	expr : expr . LESSEQUAL expr  (10)
	expr : expr . NOTEQUAL expr  (11)
	expr : expr . AND expr  (12)
	expr : expr . OR expr  (13)

	DIVISION  shift 32
	MULTI  shift 42
	$end  reduce 2
	ID  reduce 2
	IF  reduce 2
	ELSE  reduce 2
	WHILE  reduce 2
	FOR  reduce 2
	DO  reduce 2
	BOOLTRUE  reduce 2
	BOOLFALSE  reduce 2
	INTEGER_POS  reduce 2
	INTEGER_NEG  reduce 2
	AND  reduce 2
	EQUAL  reduce 2
	GREATER  reduce 2
	GREATEREQUAL  reduce 2
	LESS  reduce 2
	LESSEQUAL  reduce 2
	MINUS  reduce 2
	NOT  reduce 2
	NOTEQUAL  reduce 2
	OR  reduce 2
	PLUS  reduce 2
	SEMICOLON  reduce 2
	LEFTBRACE  reduce 2
	RIGHTBRACE  reduce 2
	LEFTPAREN  reduce 2
	RIGHTPAREN  reduce 2


state 66
	expr : expr . PLUS expr  (2)
	expr : expr . MINUS expr  (3)
	expr : expr . MULTI expr  (4)
	expr : expr MULTI expr .  (4)
	expr : expr . DIVISION expr  (5)
	expr : expr . EQUAL expr  (6)
	expr : expr . GREATER expr  (7)
	expr : expr . GREATEREQUAL expr  (8)
	expr : expr . LESS expr  (9)
	expr : expr . LESSEQUAL expr  (10)
	expr : expr . NOTEQUAL expr  (11)
	expr : expr . AND expr  (12)
	expr : expr . OR expr  (13)

	.  reduce 4


state 67
	expr : expr . PLUS expr  (2)
	expr : expr . MINUS expr  (3)
	expr : expr . MULTI expr  (4)
	expr : expr . DIVISION expr  (5)
	expr : expr . EQUAL expr  (6)
	expr : expr . GREATER expr  (7)
	expr : expr . GREATEREQUAL expr  (8)
	expr : expr . LESS expr  (9)
	expr : expr . LESSEQUAL expr  (10)
	expr : expr . NOTEQUAL expr  (11)
	expr : expr . AND expr  (12)
	expr : expr . OR expr  (13)
	ASSIGNMENT_statement : id ASSIGNMENT expr .  (44)

	AND  shift 31
	DIVISION  shift 32
	EQUAL  shift 33
	GREATER  shift 34
	GREATEREQUAL  shift 35
	LESS  shift 36
	LESSEQUAL  shift 37
	MINUS  shift 38
	NOTEQUAL  shift 39
	OR  shift 40
	PLUS  shift 41
	MULTI  shift 42
	$end  reduce 44
	ID  reduce 44
	IF  reduce 44
	ELSE  reduce 44
	WHILE  reduce 44
	FOR  reduce 44
	DO  reduce 44
	BOOLTRUE  reduce 44
	BOOLFALSE  reduce 44
	INTEGER_POS  reduce 44
	INTEGER_NEG  reduce 44
	NOT  reduce 44
	SEMICOLON  reduce 44
	LEFTBRACE  reduce 44
	RIGHTBRACE  reduce 44
	LEFTPAREN  reduce 44
	RIGHTPAREN  reduce 44


state 68
	else : ELSE . statements_type  (38)
	IN.OUT_statements : .  (43)

	ID  shift 1
	IF  shift 2
	WHILE  shift 3
	FOR  shift 4
	DO  shift 5
	BOOLTRUE  shift 6
	BOOLFALSE  shift 7
	INTEGER_POS  shift 8
	INTEGER_NEG  shift 9
	NOT  shift 10
	LEFTBRACE  shift 27
	LEFTPAREN  shift 11
	$end  reduce 43
	ELSE  reduce 43
	RIGHTBRACE  reduce 43

	statements  goto 45
	expr  goto 14
	Pexpr  goto 15
	consts  goto 16
	ASSIGNMENT_statement  goto 17
	block_statements  goto 46
	id  goto 18
	numbers  goto 19
	statements_type  goto 73
	IF_statements  goto 20
	LOOP_statements  goto 21
	IN.OUT_statements  goto 22
	BOOLEAN_statements  goto 23


state 69
	IF_statements : IF expr statements_type else .  (37)

	.  reduce 37
=======
	NOTEQUAL  reduce 13
	SEMICOLON  reduce 13
	RIGHTPAREN  reduce 13


state 40
	expr : expr . PLUS expr  (5)
	expr : expr . MINUS expr  (6)
	expr : expr MINUS expr .  (6)
	expr : expr . MULTI expr  (7)
	expr : expr . DIVISION expr  (8)
	expr : expr . EQUAL expr  (9)
	expr : expr . GREATER expr  (10)
	expr : expr . GREATEREQUAL expr  (11)
	expr : expr . LESS expr  (12)
	expr : expr . LESSEQUAL expr  (13)
	expr : expr . NOTEQUAL expr  (14)
	expr : expr . AND expr  (15)
	expr : expr . OR expr  (16)

	DIVISION  shift 18
	MULTI  shift 28
	AND  reduce 6
	EQUAL  reduce 6
	GREATER  reduce 6
	GREATEREQUAL  reduce 6
	LESS  reduce 6
	LESSEQUAL  reduce 6
	MINUS  reduce 6
	NOTEQUAL  reduce 6
	OR  reduce 6
	PLUS  reduce 6
	SEMICOLON  reduce 6
	RIGHTPAREN  reduce 6


state 41
	expr : expr . PLUS expr  (5)
	expr : expr . MINUS expr  (6)
	expr : expr . MULTI expr  (7)
	expr : expr . DIVISION expr  (8)
	expr : expr . EQUAL expr  (9)
	expr : expr . GREATER expr  (10)
	expr : expr . GREATEREQUAL expr  (11)
	expr : expr . LESS expr  (12)
	expr : expr . LESSEQUAL expr  (13)
	expr : expr . NOTEQUAL expr  (14)
	expr : expr NOTEQUAL expr .  (14)
	expr : expr . AND expr  (15)
	expr : expr . OR expr  (16)

	AND  shift 17
	DIVISION  shift 18
	MINUS  shift 24
	OR  shift 26
	PLUS  shift 27
	MULTI  shift 28
	EQUAL  reduce 14
	GREATER  reduce 14
	GREATEREQUAL  reduce 14
	LESS  reduce 14
	LESSEQUAL  reduce 14
	NOTEQUAL  reduce 14
	SEMICOLON  reduce 14
	RIGHTPAREN  reduce 14


state 42
	expr : expr . PLUS expr  (5)
	expr : expr . MINUS expr  (6)
	expr : expr . MULTI expr  (7)
	expr : expr . DIVISION expr  (8)
	expr : expr . EQUAL expr  (9)
	expr : expr . GREATER expr  (10)
	expr : expr . GREATEREQUAL expr  (11)
	expr : expr . LESS expr  (12)
	expr : expr . LESSEQUAL expr  (13)
	expr : expr . NOTEQUAL expr  (14)
	expr : expr . AND expr  (15)
	expr : expr . OR expr  (16)
	expr : expr OR expr .  (16)

	DIVISION  shift 18
	MULTI  shift 28
	AND  reduce 16
	EQUAL  reduce 16
	GREATER  reduce 16
	GREATEREQUAL  reduce 16
	LESS  reduce 16
	LESSEQUAL  reduce 16
	MINUS  reduce 16
	NOTEQUAL  reduce 16
	OR  reduce 16
	PLUS  reduce 16
	SEMICOLON  reduce 16
	RIGHTPAREN  reduce 16

>>>>>>> master

state 43
	expr : expr . PLUS expr  (5)
	expr : expr PLUS expr .  (5)
	expr : expr . MINUS expr  (6)
	expr : expr . MULTI expr  (7)
	expr : expr . DIVISION expr  (8)
	expr : expr . EQUAL expr  (9)
	expr : expr . GREATER expr  (10)
	expr : expr . GREATEREQUAL expr  (11)
	expr : expr . LESS expr  (12)
	expr : expr . LESSEQUAL expr  (13)
	expr : expr . NOTEQUAL expr  (14)
	expr : expr . AND expr  (15)
	expr : expr . OR expr  (16)

	DIVISION  shift 18
	MULTI  shift 28
	AND  reduce 5
	EQUAL  reduce 5
	GREATER  reduce 5
	GREATEREQUAL  reduce 5
	LESS  reduce 5
	LESSEQUAL  reduce 5
	MINUS  reduce 5
	NOTEQUAL  reduce 5
	OR  reduce 5
	PLUS  reduce 5
	SEMICOLON  reduce 5
	RIGHTPAREN  reduce 5

<<<<<<< HEAD
state 70
	rightbrace : RIGHTBRACE .  (21)

	.  reduce 21


state 71
	block_statements : LEFTBRACE statements rightbrace .  (20)

	.  reduce 20


state 72
	expr : expr . PLUS expr  (2)
	expr : expr . MINUS expr  (3)
	expr : expr . MULTI expr  (4)
	expr : expr . DIVISION expr  (5)
	expr : expr . EQUAL expr  (6)
	expr : expr . GREATER expr  (7)
	expr : expr . GREATEREQUAL expr  (8)
	expr : expr . LESS expr  (9)
	expr : expr . LESSEQUAL expr  (10)
	expr : expr . NOTEQUAL expr  (11)
	expr : expr . AND expr  (12)
	expr : expr . OR expr  (13)
	LOOP_statements : DO block_statements WHILE expr .  (41)

	AND  shift 31
	DIVISION  shift 32
	EQUAL  shift 33
	GREATER  shift 34
	GREATEREQUAL  shift 35
	LESS  shift 36
	LESSEQUAL  shift 37
	MINUS  shift 38
	NOTEQUAL  shift 39
	OR  shift 40
	PLUS  shift 41
	MULTI  shift 42
	$end  reduce 41
	ELSE  reduce 41
	RIGHTBRACE  reduce 41


state 73
	else : ELSE statements_type .  (38)

	.  reduce 38


55 terminals, 18 nonterminals
45 grammar rules, 74 states
=======

state 44
	expr : expr . PLUS expr  (5)
	expr : expr . MINUS expr  (6)
	expr : expr . MULTI expr  (7)
	expr : expr MULTI expr .  (7)
	expr : expr . DIVISION expr  (8)
	expr : expr . EQUAL expr  (9)
	expr : expr . GREATER expr  (10)
	expr : expr . GREATEREQUAL expr  (11)
	expr : expr . LESS expr  (12)
	expr : expr . LESSEQUAL expr  (13)
	expr : expr . NOTEQUAL expr  (14)
	expr : expr . AND expr  (15)
	expr : expr . OR expr  (16)

	.  reduce 7


state 45
	newline : expr SEMICOLON newline .  (2)

	.  reduce 2


state 46
	expr : expr . PLUS expr  (5)
	expr : expr . MINUS expr  (6)
	expr : expr . MULTI expr  (7)
	expr : expr . DIVISION expr  (8)
	expr : expr . EQUAL expr  (9)
	expr : expr . GREATER expr  (10)
	expr : expr . GREATEREQUAL expr  (11)
	expr : expr . LESS expr  (12)
	expr : expr . LESSEQUAL expr  (13)
	expr : expr . NOTEQUAL expr  (14)
	expr : expr . AND expr  (15)
	expr : expr . OR expr  (16)
	ASSIGNMENT_statement : id ASSIGNMENT expr .  (44)

	AND  shift 17
	DIVISION  shift 18
	EQUAL  shift 19
	GREATER  shift 20
	GREATEREQUAL  shift 21
	LESS  shift 22
	LESSEQUAL  shift 23
	MINUS  shift 24
	NOTEQUAL  shift 25
	OR  shift 26
	PLUS  shift 27
	MULTI  shift 28
	SEMICOLON  reduce 44
	RIGHTPAREN  reduce 44


Rules never reduced:
	block_statements : LEFTBRACE statements rightbrace  (23)
	rightbrace : RIGHTBRACE  (24)
	statements : IF_statements  (30)
	statements : LOOP_statements  (31)
	statements : IN.OUT_statements  (32)
	statements : BOOLEAN_statements  (33)
	statements : expr  (34)
	BOOLEAN_statements : BOOLTRUE  (35)
	BOOLEAN_statements : BOOLFALSE  (36)
	IF_statements : IF expr block_statements else  (37)
	IF_statements : IF expr block_statements  (38)
	else : ELSE block_statements  (39)
	LOOP_statements : WHILE expr block_statements  (40)
	LOOP_statements : FOR expr block_statements  (41)
	LOOP_statements : DO block_statements WHILE expr  (42)
	IN.OUT_statements :  (43)


54 terminals, 18 nonterminals
45 grammar rules, 47 states
>>>>>>> master
